:: loading settings :: url = jar:file:/opt/spark/jars/ivy-2.5.1.jar!/org/apache/ivy/core/settings/ivysettings.xml
Ivy Default Cache set to: /root/.ivy2/cache
The jars for the packages stored in: /root/.ivy2/jars
org.apache.hadoop#hadoop-aws added as a dependency
:: resolving dependencies :: org.apache.spark#spark-submit-parent-12bcaf92-07f1-4cb3-8d52-385213116a27;1.0
	confs: [default]
	found org.apache.hadoop#hadoop-aws;3.3.4 in central
	found com.amazonaws#aws-java-sdk-bundle;1.12.262 in central
	found org.wildfly.openssl#wildfly-openssl;1.0.7.Final in central
:: resolution report :: resolve 272ms :: artifacts dl 10ms
	:: modules in use:
	com.amazonaws#aws-java-sdk-bundle;1.12.262 from central in [default]
	org.apache.hadoop#hadoop-aws;3.3.4 from central in [default]
	org.wildfly.openssl#wildfly-openssl;1.0.7.Final from central in [default]
	---------------------------------------------------------------------
	|                  |            modules            ||   artifacts   |
	|       conf       | number| search|dwnlded|evicted|| number|dwnlded|
	---------------------------------------------------------------------
	|      default     |   3   |   0   |   0   |   0   ||   3   |   0   |
	---------------------------------------------------------------------
:: retrieving :: org.apache.spark#spark-submit-parent-12bcaf92-07f1-4cb3-8d52-385213116a27
	confs: [default]
	0 artifacts copied, 3 already retrieved (0kB/7ms)
26/02/17 12:49:59 WARN NativeCodeLoader: Unable to load native-hadoop library for your platform... using builtin-java classes where applicable
26/02/17 12:50:00 INFO SparkContext: Running Spark version 3.5.0
26/02/17 12:50:00 INFO SparkContext: OS info Linux, 6.17.0-14-generic, amd64
26/02/17 12:50:00 INFO SparkContext: Java version 11.0.20.1
26/02/17 12:50:00 INFO ResourceUtils: ==============================================================
26/02/17 12:50:00 INFO ResourceUtils: No custom resources configured for spark.driver.
26/02/17 12:50:00 INFO ResourceUtils: ==============================================================
26/02/17 12:50:00 INFO SparkContext: Submitted application: SentinelCloud_ETL_RawToSilver
26/02/17 12:50:00 INFO ResourceProfile: Default ResourceProfile created, executor resources: Map(memory -> name: memory, amount: 1024, script: , vendor: , offHeap -> name: offHeap, amount: 0, script: , vendor: ), task resources: Map(cpus -> name: cpus, amount: 1.0)
26/02/17 12:50:00 INFO ResourceProfile: Limiting resource is cpu
26/02/17 12:50:00 INFO ResourceProfileManager: Added ResourceProfile id: 0
26/02/17 12:50:00 INFO SecurityManager: Changing view acls to: root
26/02/17 12:50:00 INFO SecurityManager: Changing modify acls to: root
26/02/17 12:50:00 INFO SecurityManager: Changing view acls groups to: 
26/02/17 12:50:00 INFO SecurityManager: Changing modify acls groups to: 
26/02/17 12:50:00 INFO SecurityManager: SecurityManager: authentication disabled; ui acls disabled; users with view permissions: root; groups with view permissions: EMPTY; users with modify permissions: root; groups with modify permissions: EMPTY
26/02/17 12:50:01 INFO Utils: Successfully started service 'sparkDriver' on port 40621.
26/02/17 12:50:01 INFO SparkEnv: Registering MapOutputTracker
26/02/17 12:50:01 INFO SparkEnv: Registering BlockManagerMaster
26/02/17 12:50:01 INFO BlockManagerMasterEndpoint: Using org.apache.spark.storage.DefaultTopologyMapper for getting topology information
26/02/17 12:50:01 INFO BlockManagerMasterEndpoint: BlockManagerMasterEndpoint up
26/02/17 12:50:01 INFO SparkEnv: Registering BlockManagerMasterHeartbeat
26/02/17 12:50:01 INFO DiskBlockManager: Created local directory at /tmp/blockmgr-a50925ab-0e02-4f74-9e71-999bcf68522d
26/02/17 12:50:01 INFO MemoryStore: MemoryStore started with capacity 434.4 MiB
26/02/17 12:50:01 INFO SparkEnv: Registering OutputCommitCoordinator
26/02/17 12:50:01 INFO JettyUtils: Start Jetty 0.0.0.0:4040 for SparkUI
26/02/17 12:50:01 INFO Utils: Successfully started service 'SparkUI' on port 4040.
26/02/17 12:50:01 INFO SparkContext: Added JAR file:///root/.ivy2/jars/org.apache.hadoop_hadoop-aws-3.3.4.jar at spark://89a6a84b92a8:40621/jars/org.apache.hadoop_hadoop-aws-3.3.4.jar with timestamp 1771332600580
26/02/17 12:50:01 INFO SparkContext: Added JAR file:///root/.ivy2/jars/com.amazonaws_aws-java-sdk-bundle-1.12.262.jar at spark://89a6a84b92a8:40621/jars/com.amazonaws_aws-java-sdk-bundle-1.12.262.jar with timestamp 1771332600580
26/02/17 12:50:01 INFO SparkContext: Added JAR file:///root/.ivy2/jars/org.wildfly.openssl_wildfly-openssl-1.0.7.Final.jar at spark://89a6a84b92a8:40621/jars/org.wildfly.openssl_wildfly-openssl-1.0.7.Final.jar with timestamp 1771332600580
26/02/17 12:50:01 INFO SparkContext: Added file file:///root/.ivy2/jars/org.apache.hadoop_hadoop-aws-3.3.4.jar at spark://89a6a84b92a8:40621/files/org.apache.hadoop_hadoop-aws-3.3.4.jar with timestamp 1771332600580
26/02/17 12:50:01 INFO Utils: Copying /root/.ivy2/jars/org.apache.hadoop_hadoop-aws-3.3.4.jar to /tmp/spark-8eedcf7b-5c5f-488c-8e73-374249863654/userFiles-2ee02b98-42ee-4610-92de-6ceb9230ce5b/org.apache.hadoop_hadoop-aws-3.3.4.jar
26/02/17 12:50:01 INFO SparkContext: Added file file:///root/.ivy2/jars/com.amazonaws_aws-java-sdk-bundle-1.12.262.jar at spark://89a6a84b92a8:40621/files/com.amazonaws_aws-java-sdk-bundle-1.12.262.jar with timestamp 1771332600580
26/02/17 12:50:01 INFO Utils: Copying /root/.ivy2/jars/com.amazonaws_aws-java-sdk-bundle-1.12.262.jar to /tmp/spark-8eedcf7b-5c5f-488c-8e73-374249863654/userFiles-2ee02b98-42ee-4610-92de-6ceb9230ce5b/com.amazonaws_aws-java-sdk-bundle-1.12.262.jar
26/02/17 12:50:02 INFO SparkContext: Added file file:///root/.ivy2/jars/org.wildfly.openssl_wildfly-openssl-1.0.7.Final.jar at spark://89a6a84b92a8:40621/files/org.wildfly.openssl_wildfly-openssl-1.0.7.Final.jar with timestamp 1771332600580
26/02/17 12:50:02 INFO Utils: Copying /root/.ivy2/jars/org.wildfly.openssl_wildfly-openssl-1.0.7.Final.jar to /tmp/spark-8eedcf7b-5c5f-488c-8e73-374249863654/userFiles-2ee02b98-42ee-4610-92de-6ceb9230ce5b/org.wildfly.openssl_wildfly-openssl-1.0.7.Final.jar
26/02/17 12:50:02 INFO StandaloneAppClient$ClientEndpoint: Connecting to master spark://spark-master:7077...
26/02/17 12:50:02 INFO TransportClientFactory: Successfully created connection to spark-master/172.28.0.4:7077 after 42 ms (0 ms spent in bootstraps)
26/02/17 12:50:02 INFO StandaloneSchedulerBackend: Connected to Spark cluster with app ID app-20260217125002-0002
26/02/17 12:50:02 INFO StandaloneAppClient$ClientEndpoint: Executor added: app-20260217125002-0002/0 on worker-20260217124427-172.28.0.8-44271 (172.28.0.8:44271) with 1 core(s)
26/02/17 12:50:02 INFO StandaloneSchedulerBackend: Granted executor ID app-20260217125002-0002/0 on hostPort 172.28.0.8:44271 with 1 core(s), 1024.0 MiB RAM
26/02/17 12:50:02 INFO Utils: Successfully started service 'org.apache.spark.network.netty.NettyBlockTransferService' on port 42663.
26/02/17 12:50:02 INFO NettyBlockTransferService: Server created on 89a6a84b92a8:42663
26/02/17 12:50:02 INFO BlockManager: Using org.apache.spark.storage.RandomBlockReplicationPolicy for block replication policy
26/02/17 12:50:02 INFO BlockManagerMaster: Registering BlockManager BlockManagerId(driver, 89a6a84b92a8, 42663, None)
26/02/17 12:50:02 INFO BlockManagerMasterEndpoint: Registering block manager 89a6a84b92a8:42663 with 434.4 MiB RAM, BlockManagerId(driver, 89a6a84b92a8, 42663, None)
26/02/17 12:50:02 INFO BlockManagerMaster: Registered BlockManager BlockManagerId(driver, 89a6a84b92a8, 42663, None)
26/02/17 12:50:02 INFO StandaloneAppClient$ClientEndpoint: Executor updated: app-20260217125002-0002/0 is now RUNNING
26/02/17 12:50:02 INFO BlockManager: Initialized BlockManager: BlockManagerId(driver, 89a6a84b92a8, 42663, None)
26/02/17 12:50:02 INFO StandaloneSchedulerBackend: SchedulerBackend is ready for scheduling beginning after reached minRegisteredResourcesRatio: 0.0
--- Iniciando lectura desde s3a://raw-data/*.json ---
26/02/17 12:50:03 INFO SharedState: Setting hive.metastore.warehouse.dir ('null') to the value of spark.sql.warehouse.dir.
26/02/17 12:50:03 INFO SharedState: Warehouse path is 'file:/opt/spark/work-dir/spark-warehouse'.
26/02/17 12:50:04 WARN MetricsConfig: Cannot locate configuration: tried hadoop-metrics2-s3a-file-system.properties,hadoop-metrics2.properties
26/02/17 12:50:04 INFO MetricsSystemImpl: Scheduled Metric snapshot period at 10 second(s).
26/02/17 12:50:04 INFO MetricsSystemImpl: s3a-file-system metrics system started
26/02/17 12:50:05 INFO StandaloneSchedulerBackend$StandaloneDriverEndpoint: Registered executor NettyRpcEndpointRef(spark-client://Executor) (172.28.0.8:53082) with ID 0,  ResourceProfileId 0
26/02/17 12:50:05 INFO BlockManagerMasterEndpoint: Registering block manager 172.28.0.8:46005 with 434.4 MiB RAM, BlockManagerId(0, 172.28.0.8, 46005, None)
26/02/17 12:50:05 INFO InMemoryFileIndex: It took 68 ms to list leaf files for 1 paths.
26/02/17 12:50:06 INFO FileSourceStrategy: Pushed Filters: 
26/02/17 12:50:07 INFO FileSourceStrategy: Post-Scan Filters: 
26/02/17 12:50:07 INFO MemoryStore: Block broadcast_0 stored as values in memory (estimated size 203.1 KiB, free 434.2 MiB)
26/02/17 12:50:07 INFO MemoryStore: Block broadcast_0_piece0 stored as bytes in memory (estimated size 35.3 KiB, free 434.2 MiB)
26/02/17 12:50:07 INFO BlockManagerInfo: Added broadcast_0_piece0 in memory on 89a6a84b92a8:42663 (size: 35.3 KiB, free: 434.4 MiB)
26/02/17 12:50:07 INFO SparkContext: Created broadcast 0 from javaToPython at <unknown>:0
26/02/17 12:50:07 INFO FileSourceScanExec: Planning scan with bin packing, max size: 7660102 bytes, open cost is considered as scanning 4194304 bytes.
26/02/17 12:50:07 INFO SparkContext: Starting job: runJob at PythonRDD.scala:181
26/02/17 12:50:07 INFO DAGScheduler: Got job 0 (runJob at PythonRDD.scala:181) with 1 output partitions
26/02/17 12:50:07 INFO DAGScheduler: Final stage: ResultStage 0 (runJob at PythonRDD.scala:181)
26/02/17 12:50:07 INFO DAGScheduler: Parents of final stage: List()
26/02/17 12:50:07 INFO DAGScheduler: Missing parents: List()
26/02/17 12:50:07 INFO DAGScheduler: Submitting ResultStage 0 (PythonRDD[5] at RDD at PythonRDD.scala:53), which has no missing parents
26/02/17 12:50:07 INFO MemoryStore: Block broadcast_1 stored as values in memory (estimated size 20.3 KiB, free 434.1 MiB)
26/02/17 12:50:07 INFO MemoryStore: Block broadcast_1_piece0 stored as bytes in memory (estimated size 9.9 KiB, free 434.1 MiB)
26/02/17 12:50:07 INFO BlockManagerInfo: Added broadcast_1_piece0 in memory on 89a6a84b92a8:42663 (size: 9.9 KiB, free: 434.4 MiB)
26/02/17 12:50:07 INFO SparkContext: Created broadcast 1 from broadcast at DAGScheduler.scala:1580
26/02/17 12:50:07 INFO DAGScheduler: Submitting 1 missing tasks from ResultStage 0 (PythonRDD[5] at RDD at PythonRDD.scala:53) (first 15 tasks are for partitions Vector(0))
26/02/17 12:50:07 INFO TaskSchedulerImpl: Adding task set 0.0 with 1 tasks resource profile 0
26/02/17 12:50:07 INFO TaskSetManager: Starting task 0.0 in stage 0.0 (TID 0) (172.28.0.8, executor 0, partition 0, PROCESS_LOCAL, 8982 bytes) 
26/02/17 12:50:08 INFO BlockManagerInfo: Added broadcast_1_piece0 in memory on 172.28.0.8:46005 (size: 9.9 KiB, free: 434.4 MiB)
26/02/17 12:50:09 INFO BlockManagerInfo: Added broadcast_0_piece0 in memory on 172.28.0.8:46005 (size: 35.3 KiB, free: 434.4 MiB)
26/02/17 12:50:11 INFO TaskSetManager: Finished task 0.0 in stage 0.0 (TID 0) in 3377 ms on 172.28.0.8 (executor 0) (1/1)
26/02/17 12:50:11 INFO TaskSchedulerImpl: Removed TaskSet 0.0, whose tasks have all completed, from pool 
26/02/17 12:50:11 INFO PythonAccumulatorV2: Connected to AccumulatorServer at host: 127.0.0.1 port: 44033
26/02/17 12:50:11 INFO DAGScheduler: ResultStage 0 (runJob at PythonRDD.scala:181) finished in 3.593 s
26/02/17 12:50:11 INFO DAGScheduler: Job 0 is finished. Cancelling potential speculative or zombie tasks for this job
26/02/17 12:50:11 INFO TaskSchedulerImpl: Killing all running tasks in stage 0: Stage finished
26/02/17 12:50:11 INFO DAGScheduler: Job 0 finished: runJob at PythonRDD.scala:181, took 3.639185 s
--- Datos crudos leídos. ---
--- Muestra de datos limpios: ---
26/02/17 12:50:11 INFO FileSourceStrategy: Pushed Filters: IsNotNull(memory_usage_percent),GreaterThanOrEqual(memory_usage_percent,0.0),LessThanOrEqual(memory_usage_percent,100.0)
26/02/17 12:50:11 INFO FileSourceStrategy: Post-Scan Filters: isnotnull(memory_usage_percent#8),(memory_usage_percent#8 >= 0.0),(memory_usage_percent#8 <= 100.0)
26/02/17 12:50:12 INFO CodeGenerator: Code generated in 178.704841 ms
26/02/17 12:50:12 INFO MemoryStore: Block broadcast_2 stored as values in memory (estimated size 203.1 KiB, free 433.9 MiB)
26/02/17 12:50:12 INFO MemoryStore: Block broadcast_2_piece0 stored as bytes in memory (estimated size 35.3 KiB, free 433.9 MiB)
26/02/17 12:50:12 INFO BlockManagerInfo: Added broadcast_2_piece0 in memory on 89a6a84b92a8:42663 (size: 35.3 KiB, free: 434.3 MiB)
26/02/17 12:50:12 INFO SparkContext: Created broadcast 2 from showString at <unknown>:0
26/02/17 12:50:12 INFO FileSourceScanExec: Planning scan with bin packing, max size: 7660102 bytes, open cost is considered as scanning 4194304 bytes.
26/02/17 12:50:12 INFO SparkContext: Starting job: showString at <unknown>:0
26/02/17 12:50:12 INFO DAGScheduler: Got job 1 (showString at <unknown>:0) with 1 output partitions
26/02/17 12:50:12 INFO DAGScheduler: Final stage: ResultStage 1 (showString at <unknown>:0)
26/02/17 12:50:12 INFO DAGScheduler: Parents of final stage: List()
26/02/17 12:50:12 INFO DAGScheduler: Missing parents: List()
26/02/17 12:50:12 INFO DAGScheduler: Submitting ResultStage 1 (MapPartitionsRDD[9] at showString at <unknown>:0), which has no missing parents
26/02/17 12:50:12 INFO MemoryStore: Block broadcast_3 stored as values in memory (estimated size 24.1 KiB, free 433.9 MiB)
26/02/17 12:50:12 INFO MemoryStore: Block broadcast_3_piece0 stored as bytes in memory (estimated size 10.4 KiB, free 433.9 MiB)
26/02/17 12:50:12 INFO BlockManagerInfo: Added broadcast_3_piece0 in memory on 89a6a84b92a8:42663 (size: 10.4 KiB, free: 434.3 MiB)
26/02/17 12:50:12 INFO SparkContext: Created broadcast 3 from broadcast at DAGScheduler.scala:1580
26/02/17 12:50:12 INFO DAGScheduler: Submitting 1 missing tasks from ResultStage 1 (MapPartitionsRDD[9] at showString at <unknown>:0) (first 15 tasks are for partitions Vector(0))
26/02/17 12:50:12 INFO TaskSchedulerImpl: Adding task set 1.0 with 1 tasks resource profile 0
26/02/17 12:50:12 INFO TaskSetManager: Starting task 0.0 in stage 1.0 (TID 1) (172.28.0.8, executor 0, partition 0, PROCESS_LOCAL, 8982 bytes) 
26/02/17 12:50:12 INFO BlockManagerInfo: Added broadcast_3_piece0 in memory on 172.28.0.8:46005 (size: 10.4 KiB, free: 434.3 MiB)
26/02/17 12:50:12 INFO BlockManagerInfo: Added broadcast_2_piece0 in memory on 172.28.0.8:46005 (size: 35.3 KiB, free: 434.3 MiB)
26/02/17 12:50:12 INFO TaskSetManager: Finished task 0.0 in stage 1.0 (TID 1) in 263 ms on 172.28.0.8 (executor 0) (1/1)
26/02/17 12:50:12 INFO TaskSchedulerImpl: Removed TaskSet 1.0, whose tasks have all completed, from pool 
26/02/17 12:50:12 INFO DAGScheduler: ResultStage 1 (showString at <unknown>:0) finished in 0.277 s
26/02/17 12:50:12 INFO DAGScheduler: Job 1 is finished. Cancelling potential speculative or zombie tasks for this job
26/02/17 12:50:12 INFO TaskSchedulerImpl: Killing all running tasks in stage 1: Stage finished
26/02/17 12:50:12 INFO DAGScheduler: Job 1 finished: showString at <unknown>:0, took 0.281585 s
26/02/17 12:50:12 INFO BlockManagerInfo: Removed broadcast_1_piece0 on 89a6a84b92a8:42663 in memory (size: 9.9 KiB, free: 434.3 MiB)
26/02/17 12:50:12 INFO BlockManagerInfo: Removed broadcast_1_piece0 on 172.28.0.8:46005 in memory (size: 9.9 KiB, free: 434.3 MiB)
26/02/17 12:50:12 INFO BlockManagerInfo: Removed broadcast_3_piece0 on 89a6a84b92a8:42663 in memory (size: 10.4 KiB, free: 434.3 MiB)
26/02/17 12:50:12 INFO BlockManagerInfo: Removed broadcast_3_piece0 on 172.28.0.8:46005 in memory (size: 10.4 KiB, free: 434.3 MiB)
26/02/17 12:50:13 INFO CodeGenerator: Code generated in 17.565779 ms
+-------------------+------------+---------------+---------+--------------+------------------+--------------+-----------+--------------------+------------------------+
|          timestamp|instancia_id|nombre_servicio|protocolo|throughput_rpm|error_rate_percent|latency_p95_ms|cpu_percent|memory_usage_percent|active_connections_count|
+-------------------+------------+---------------+---------+--------------+------------------+--------------+-----------+--------------------+------------------------+
|2024-01-01 00:00:00|    inst_001|           NULL|     NULL|          NULL|            0.0073|          NULL|      21.58|               52.27|                       0|
|2024-01-01 00:00:00|    inst_101|           NULL|     NULL|          NULL|            0.0124|          NULL|      17.14|               48.36|                       0|
|2024-01-01 00:00:00|    inst_004|           NULL|     NULL|          NULL|            0.0242|          NULL|      17.37|               37.65|                       0|
|2024-01-01 00:00:00|    inst_005|           NULL|     NULL|          NULL|            0.0454|          NULL|      29.21|                39.9|                       0|
|2024-01-01 00:00:00|    inst_102|           NULL|     NULL|          NULL|            0.0476|          NULL|       16.5|               43.74|                       0|
+-------------------+------------+---------------+---------+--------------+------------------+--------------+-----------+--------------------+------------------------+
only showing top 5 rows

--- Escribiendo datos procesados en s3a://processed-data/ (Formato Parquet) ---
26/02/17 12:50:13 INFO FileSourceStrategy: Pushed Filters: IsNotNull(memory_usage_percent),GreaterThanOrEqual(memory_usage_percent,0.0),LessThanOrEqual(memory_usage_percent,100.0)
26/02/17 12:50:13 INFO FileSourceStrategy: Post-Scan Filters: isnotnull(memory_usage_percent#8),(memory_usage_percent#8 >= 0.0),(memory_usage_percent#8 <= 100.0)
26/02/17 12:50:13 INFO ParquetUtils: Using default output committer for Parquet: org.apache.parquet.hadoop.ParquetOutputCommitter
26/02/17 12:50:13 INFO FileOutputCommitter: File Output Committer Algorithm version is 1
26/02/17 12:50:13 INFO FileOutputCommitter: FileOutputCommitter skip cleanup _temporary folders under output directory:false, ignore cleanup failures: false
26/02/17 12:50:13 INFO SQLHadoopMapReduceCommitProtocol: Using user defined output committer class org.apache.parquet.hadoop.ParquetOutputCommitter
26/02/17 12:50:13 INFO FileOutputCommitter: File Output Committer Algorithm version is 1
26/02/17 12:50:13 INFO FileOutputCommitter: FileOutputCommitter skip cleanup _temporary folders under output directory:false, ignore cleanup failures: false
26/02/17 12:50:13 INFO SQLHadoopMapReduceCommitProtocol: Using output committer class org.apache.parquet.hadoop.ParquetOutputCommitter
--- ERROR CRÍTICO EN EL JOB: An error occurred while calling o124.parquet.
: org.apache.hadoop.fs.s3a.UnknownStoreException: `s3a://processed-data/_temporary/0': getFileStatus on s3a://processed-data/_temporary/0: com.amazonaws.services.s3.model.AmazonS3Exception: The specified bucket does not exist (Service: Amazon S3; Status Code: 404; Error Code: NoSuchBucket; Request ID: 189509A07540E5F1; S3 Extended Request ID: dd9025bab4ad464b049177c95eb6ebf374d3b3fd1af9251148b658df7ac2e3e8; Proxy: null), S3 Extended Request ID: dd9025bab4ad464b049177c95eb6ebf374d3b3fd1af9251148b658df7ac2e3e8:NoSuchBucket: The specified bucket does not exist (Service: Amazon S3; Status Code: 404; Error Code: NoSuchBucket; Request ID: 189509A07540E5F1; S3 Extended Request ID: dd9025bab4ad464b049177c95eb6ebf374d3b3fd1af9251148b658df7ac2e3e8; Proxy: null)
	at org.apache.hadoop.fs.s3a.S3AUtils.translateException(S3AUtils.java:263)
	at org.apache.hadoop.fs.s3a.S3AUtils.translateException(S3AUtils.java:175)
	at org.apache.hadoop.fs.s3a.S3AFileSystem.s3GetFileStatus(S3AFileSystem.java:3858)
	at org.apache.hadoop.fs.s3a.S3AFileSystem.innerGetFileStatus(S3AFileSystem.java:3688)
	at org.apache.hadoop.fs.s3a.S3AFileSystem$MkdirOperationCallbacksImpl.probePathStatus(S3AFileSystem.java:3455)
	at org.apache.hadoop.fs.s3a.impl.MkdirOperation.probePathStatusOrNull(MkdirOperation.java:135)
	at org.apache.hadoop.fs.s3a.impl.MkdirOperation.getPathStatusExpectingDir(MkdirOperation.java:150)
	at org.apache.hadoop.fs.s3a.impl.MkdirOperation.execute(MkdirOperation.java:80)
	at org.apache.hadoop.fs.s3a.impl.MkdirOperation.execute(MkdirOperation.java:45)
	at org.apache.hadoop.fs.s3a.impl.ExecutingStoreOperation.apply(ExecutingStoreOperation.java:76)
	at org.apache.hadoop.fs.statistics.impl.IOStatisticsBinding.lambda$trackDurationOfOperation$5(IOStatisticsBinding.java:499)
	at org.apache.hadoop.fs.statistics.impl.IOStatisticsBinding.trackDuration(IOStatisticsBinding.java:444)
	at org.apache.hadoop.fs.s3a.S3AFileSystem.trackDurationAndSpan(S3AFileSystem.java:2337)
	at org.apache.hadoop.fs.s3a.S3AFileSystem.trackDurationAndSpan(S3AFileSystem.java:2356)
	at org.apache.hadoop.fs.s3a.S3AFileSystem.mkdirs(S3AFileSystem.java:3428)
	at org.apache.hadoop.fs.FileSystem.mkdirs(FileSystem.java:2388)
	at org.apache.hadoop.mapreduce.lib.output.FileOutputCommitter.setupJob(FileOutputCommitter.java:356)
	at org.apache.spark.internal.io.HadoopMapReduceCommitProtocol.setupJob(HadoopMapReduceCommitProtocol.scala:188)
	at org.apache.spark.sql.execution.datasources.FileFormatWriter$.writeAndCommit(FileFormatWriter.scala:269)
	at org.apache.spark.sql.execution.datasources.FileFormatWriter$.executeWrite(FileFormatWriter.scala:304)
	at org.apache.spark.sql.execution.datasources.FileFormatWriter$.write(FileFormatWriter.scala:190)
	at org.apache.spark.sql.execution.datasources.InsertIntoHadoopFsRelationCommand.run(InsertIntoHadoopFsRelationCommand.scala:190)
	at org.apache.spark.sql.execution.command.DataWritingCommandExec.sideEffectResult$lzycompute(commands.scala:113)
	at org.apache.spark.sql.execution.command.DataWritingCommandExec.sideEffectResult(commands.scala:111)
	at org.apache.spark.sql.execution.command.DataWritingCommandExec.executeCollect(commands.scala:125)
	at org.apache.spark.sql.execution.QueryExecution$$anonfun$eagerlyExecuteCommands$1.$anonfun$applyOrElse$1(QueryExecution.scala:107)
	at org.apache.spark.sql.execution.SQLExecution$.$anonfun$withNewExecutionId$6(SQLExecution.scala:125)
	at org.apache.spark.sql.execution.SQLExecution$.withSQLConfPropagated(SQLExecution.scala:201)
	at org.apache.spark.sql.execution.SQLExecution$.$anonfun$withNewExecutionId$1(SQLExecution.scala:108)
	at org.apache.spark.sql.SparkSession.withActive(SparkSession.scala:900)
	at org.apache.spark.sql.execution.SQLExecution$.withNewExecutionId(SQLExecution.scala:66)
	at org.apache.spark.sql.execution.QueryExecution$$anonfun$eagerlyExecuteCommands$1.applyOrElse(QueryExecution.scala:107)
	at org.apache.spark.sql.execution.QueryExecution$$anonfun$eagerlyExecuteCommands$1.applyOrElse(QueryExecution.scala:98)
	at org.apache.spark.sql.catalyst.trees.TreeNode.$anonfun$transformDownWithPruning$1(TreeNode.scala:461)
	at org.apache.spark.sql.catalyst.trees.CurrentOrigin$.withOrigin(origin.scala:76)
	at org.apache.spark.sql.catalyst.trees.TreeNode.transformDownWithPruning(TreeNode.scala:461)
	at org.apache.spark.sql.catalyst.plans.logical.LogicalPlan.org$apache$spark$sql$catalyst$plans$logical$AnalysisHelper$$super$transformDownWithPruning(LogicalPlan.scala:32)
	at org.apache.spark.sql.catalyst.plans.logical.AnalysisHelper.transformDownWithPruning(AnalysisHelper.scala:267)
	at org.apache.spark.sql.catalyst.plans.logical.AnalysisHelper.transformDownWithPruning$(AnalysisHelper.scala:263)
	at org.apache.spark.sql.catalyst.plans.logical.LogicalPlan.transformDownWithPruning(LogicalPlan.scala:32)
	at org.apache.spark.sql.catalyst.plans.logical.LogicalPlan.transformDownWithPruning(LogicalPlan.scala:32)
	at org.apache.spark.sql.catalyst.trees.TreeNode.transformDown(TreeNode.scala:437)
	at org.apache.spark.sql.execution.QueryExecution.eagerlyExecuteCommands(QueryExecution.scala:98)
	at org.apache.spark.sql.execution.QueryExecution.commandExecuted$lzycompute(QueryExecution.scala:85)
	at org.apache.spark.sql.execution.QueryExecution.commandExecuted(QueryExecution.scala:83)
	at org.apache.spark.sql.execution.QueryExecution.assertCommandExecuted(QueryExecution.scala:142)
	at org.apache.spark.sql.DataFrameWriter.runCommand(DataFrameWriter.scala:859)
	at org.apache.spark.sql.DataFrameWriter.saveToV1Source(DataFrameWriter.scala:388)
	at org.apache.spark.sql.DataFrameWriter.saveInternal(DataFrameWriter.scala:361)
	at org.apache.spark.sql.DataFrameWriter.save(DataFrameWriter.scala:240)
	at org.apache.spark.sql.DataFrameWriter.parquet(DataFrameWriter.scala:792)
	at java.base/jdk.internal.reflect.NativeMethodAccessorImpl.invoke0(Native Method)
	at java.base/jdk.internal.reflect.NativeMethodAccessorImpl.invoke(Unknown Source)
	at java.base/jdk.internal.reflect.DelegatingMethodAccessorImpl.invoke(Unknown Source)
	at java.base/java.lang.reflect.Method.invoke(Unknown Source)
	at py4j.reflection.MethodInvoker.invoke(MethodInvoker.java:244)
	at py4j.reflection.ReflectionEngine.invoke(ReflectionEngine.java:374)
	at py4j.Gateway.invoke(Gateway.java:282)
	at py4j.commands.AbstractCommand.invokeMethod(AbstractCommand.java:132)
	at py4j.commands.CallCommand.execute(CallCommand.java:79)
	at py4j.ClientServerConnection.waitForCommands(ClientServerConnection.java:182)
	at py4j.ClientServerConnection.run(ClientServerConnection.java:106)
	at java.base/java.lang.Thread.run(Unknown Source)
Caused by: com.amazonaws.services.s3.model.AmazonS3Exception: The specified bucket does not exist (Service: Amazon S3; Status Code: 404; Error Code: NoSuchBucket; Request ID: 189509A07540E5F1; S3 Extended Request ID: dd9025bab4ad464b049177c95eb6ebf374d3b3fd1af9251148b658df7ac2e3e8; Proxy: null), S3 Extended Request ID: dd9025bab4ad464b049177c95eb6ebf374d3b3fd1af9251148b658df7ac2e3e8
	at com.amazonaws.http.AmazonHttpClient$RequestExecutor.handleErrorResponse(AmazonHttpClient.java:1879)
	at com.amazonaws.http.AmazonHttpClient$RequestExecutor.handleServiceErrorResponse(AmazonHttpClient.java:1418)
	at com.amazonaws.http.AmazonHttpClient$RequestExecutor.executeOneRequest(AmazonHttpClient.java:1387)
	at com.amazonaws.http.AmazonHttpClient$RequestExecutor.executeHelper(AmazonHttpClient.java:1157)
	at com.amazonaws.http.AmazonHttpClient$RequestExecutor.doExecute(AmazonHttpClient.java:814)
	at com.amazonaws.http.AmazonHttpClient$RequestExecutor.executeWithTimer(AmazonHttpClient.java:781)
	at com.amazonaws.http.AmazonHttpClient$RequestExecutor.execute(AmazonHttpClient.java:755)
	at com.amazonaws.http.AmazonHttpClient$RequestExecutor.access$500(AmazonHttpClient.java:715)
	at com.amazonaws.http.AmazonHttpClient$RequestExecutionBuilderImpl.execute(AmazonHttpClient.java:697)
	at com.amazonaws.http.AmazonHttpClient.execute(AmazonHttpClient.java:561)
	at com.amazonaws.http.AmazonHttpClient.execute(AmazonHttpClient.java:541)
	at com.amazonaws.services.s3.AmazonS3Client.invoke(AmazonS3Client.java:5456)
	at com.amazonaws.services.s3.AmazonS3Client.invoke(AmazonS3Client.java:5403)
	at com.amazonaws.services.s3.AmazonS3Client.invoke(AmazonS3Client.java:5397)
	at com.amazonaws.services.s3.AmazonS3Client.listObjectsV2(AmazonS3Client.java:971)
	at org.apache.hadoop.fs.s3a.S3AFileSystem.lambda$listObjects$11(S3AFileSystem.java:2595)
	at org.apache.hadoop.fs.statistics.impl.IOStatisticsBinding.lambda$trackDurationOfOperation$5(IOStatisticsBinding.java:499)
	at org.apache.hadoop.fs.s3a.Invoker.retryUntranslated(Invoker.java:414)
	at org.apache.hadoop.fs.s3a.Invoker.retryUntranslated(Invoker.java:377)
	at org.apache.hadoop.fs.s3a.S3AFileSystem.listObjects(S3AFileSystem.java:2586)
	at org.apache.hadoop.fs.s3a.S3AFileSystem.s3GetFileStatus(S3AFileSystem.java:3832)
	... 60 more
 ---
Traceback (most recent call last):
  File "/app/jobs/etl_processing.py", line 98, in <module>
    process_data(spark)
  File "/app/jobs/etl_processing.py", line 94, in process_data
    raise e
  File "/app/jobs/etl_processing.py", line 88, in process_data
    final_df.write.mode("append").parquet(output_path)
  File "/opt/spark/python/lib/pyspark.zip/pyspark/sql/readwriter.py", line 1721, in parquet
  File "/opt/spark/python/lib/py4j-0.10.9.7-src.zip/py4j/java_gateway.py", line 1322, in __call__
  File "/opt/spark/python/lib/pyspark.zip/pyspark/errors/exceptions/captured.py", line 179, in deco
  File "/opt/spark/python/lib/py4j-0.10.9.7-src.zip/py4j/protocol.py", line 326, in get_return_value
py4j.protocol.Py4JJavaError: An error occurred while calling o124.parquet.
: org.apache.hadoop.fs.s3a.UnknownStoreException: `s3a://processed-data/_temporary/0': getFileStatus on s3a://processed-data/_temporary/0: com.amazonaws.services.s3.model.AmazonS3Exception: The specified bucket does not exist (Service: Amazon S3; Status Code: 404; Error Code: NoSuchBucket; Request ID: 189509A07540E5F1; S3 Extended Request ID: dd9025bab4ad464b049177c95eb6ebf374d3b3fd1af9251148b658df7ac2e3e8; Proxy: null), S3 Extended Request ID: dd9025bab4ad464b049177c95eb6ebf374d3b3fd1af9251148b658df7ac2e3e8:NoSuchBucket: The specified bucket does not exist (Service: Amazon S3; Status Code: 404; Error Code: NoSuchBucket; Request ID: 189509A07540E5F1; S3 Extended Request ID: dd9025bab4ad464b049177c95eb6ebf374d3b3fd1af9251148b658df7ac2e3e8; Proxy: null)
	at org.apache.hadoop.fs.s3a.S3AUtils.translateException(S3AUtils.java:263)
	at org.apache.hadoop.fs.s3a.S3AUtils.translateException(S3AUtils.java:175)
	at org.apache.hadoop.fs.s3a.S3AFileSystem.s3GetFileStatus(S3AFileSystem.java:3858)
	at org.apache.hadoop.fs.s3a.S3AFileSystem.innerGetFileStatus(S3AFileSystem.java:3688)
	at org.apache.hadoop.fs.s3a.S3AFileSystem$MkdirOperationCallbacksImpl.probePathStatus(S3AFileSystem.java:3455)
	at org.apache.hadoop.fs.s3a.impl.MkdirOperation.probePathStatusOrNull(MkdirOperation.java:135)
	at org.apache.hadoop.fs.s3a.impl.MkdirOperation.getPathStatusExpectingDir(MkdirOperation.java:150)
	at org.apache.hadoop.fs.s3a.impl.MkdirOperation.execute(MkdirOperation.java:80)
	at org.apache.hadoop.fs.s3a.impl.MkdirOperation.execute(MkdirOperation.java:45)
	at org.apache.hadoop.fs.s3a.impl.ExecutingStoreOperation.apply(ExecutingStoreOperation.java:76)
	at org.apache.hadoop.fs.statistics.impl.IOStatisticsBinding.lambda$trackDurationOfOperation$5(IOStatisticsBinding.java:499)
	at org.apache.hadoop.fs.statistics.impl.IOStatisticsBinding.trackDuration(IOStatisticsBinding.java:444)
	at org.apache.hadoop.fs.s3a.S3AFileSystem.trackDurationAndSpan(S3AFileSystem.java:2337)
	at org.apache.hadoop.fs.s3a.S3AFileSystem.trackDurationAndSpan(S3AFileSystem.java:2356)
	at org.apache.hadoop.fs.s3a.S3AFileSystem.mkdirs(S3AFileSystem.java:3428)
	at org.apache.hadoop.fs.FileSystem.mkdirs(FileSystem.java:2388)
	at org.apache.hadoop.mapreduce.lib.output.FileOutputCommitter.setupJob(FileOutputCommitter.java:356)
	at org.apache.spark.internal.io.HadoopMapReduceCommitProtocol.setupJob(HadoopMapReduceCommitProtocol.scala:188)
	at org.apache.spark.sql.execution.datasources.FileFormatWriter$.writeAndCommit(FileFormatWriter.scala:269)
	at org.apache.spark.sql.execution.datasources.FileFormatWriter$.executeWrite(FileFormatWriter.scala:304)
	at org.apache.spark.sql.execution.datasources.FileFormatWriter$.write(FileFormatWriter.scala:190)
	at org.apache.spark.sql.execution.datasources.InsertIntoHadoopFsRelationCommand.run(InsertIntoHadoopFsRelationCommand.scala:190)
	at org.apache.spark.sql.execution.command.DataWritingCommandExec.sideEffectResult$lzycompute(commands.scala:113)
	at org.apache.spark.sql.execution.command.DataWritingCommandExec.sideEffectResult(commands.scala:111)
	at org.apache.spark.sql.execution.command.DataWritingCommandExec.executeCollect(commands.scala:125)
	at org.apache.spark.sql.execution.QueryExecution$$anonfun$eagerlyExecuteCommands$1.$anonfun$applyOrElse$1(QueryExecution.scala:107)
	at org.apache.spark.sql.execution.SQLExecution$.$anonfun$withNewExecutionId$6(SQLExecution.scala:125)
	at org.apache.spark.sql.execution.SQLExecution$.withSQLConfPropagated(SQLExecution.scala:201)
	at org.apache.spark.sql.execution.SQLExecution$.$anonfun$withNewExecutionId$1(SQLExecution.scala:108)
	at org.apache.spark.sql.SparkSession.withActive(SparkSession.scala:900)
	at org.apache.spark.sql.execution.SQLExecution$.withNewExecutionId(SQLExecution.scala:66)
	at org.apache.spark.sql.execution.QueryExecution$$anonfun$eagerlyExecuteCommands$1.applyOrElse(QueryExecution.scala:107)
	at org.apache.spark.sql.execution.QueryExecution$$anonfun$eagerlyExecuteCommands$1.applyOrElse(QueryExecution.scala:98)
	at org.apache.spark.sql.catalyst.trees.TreeNode.$anonfun$transformDownWithPruning$1(TreeNode.scala:461)
	at org.apache.spark.sql.catalyst.trees.CurrentOrigin$.withOrigin(origin.scala:76)
	at org.apache.spark.sql.catalyst.trees.TreeNode.transformDownWithPruning(TreeNode.scala:461)
	at org.apache.spark.sql.catalyst.plans.logical.LogicalPlan.org$apache$spark$sql$catalyst$plans$logical$AnalysisHelper$$super$transformDownWithPruning(LogicalPlan.scala:32)
	at org.apache.spark.sql.catalyst.plans.logical.AnalysisHelper.transformDownWithPruning(AnalysisHelper.scala:267)
	at org.apache.spark.sql.catalyst.plans.logical.AnalysisHelper.transformDownWithPruning$(AnalysisHelper.scala:263)
	at org.apache.spark.sql.catalyst.plans.logical.LogicalPlan.transformDownWithPruning(LogicalPlan.scala:32)
	at org.apache.spark.sql.catalyst.plans.logical.LogicalPlan.transformDownWithPruning(LogicalPlan.scala:32)
	at org.apache.spark.sql.catalyst.trees.TreeNode.transformDown(TreeNode.scala:437)
	at org.apache.spark.sql.execution.QueryExecution.eagerlyExecuteCommands(QueryExecution.scala:98)
	at org.apache.spark.sql.execution.QueryExecution.commandExecuted$lzycompute(QueryExecution.scala:85)
	at org.apache.spark.sql.execution.QueryExecution.commandExecuted(QueryExecution.scala:83)
	at org.apache.spark.sql.execution.QueryExecution.assertCommandExecuted(QueryExecution.scala:142)
	at org.apache.spark.sql.DataFrameWriter.runCommand(DataFrameWriter.scala:859)
	at org.apache.spark.sql.DataFrameWriter.saveToV1Source(DataFrameWriter.scala:388)
	at org.apache.spark.sql.DataFrameWriter.saveInternal(DataFrameWriter.scala:361)
	at org.apache.spark.sql.DataFrameWriter.save(DataFrameWriter.scala:240)
	at org.apache.spark.sql.DataFrameWriter.parquet(DataFrameWriter.scala:792)
	at java.base/jdk.internal.reflect.NativeMethodAccessorImpl.invoke0(Native Method)
	at java.base/jdk.internal.reflect.NativeMethodAccessorImpl.invoke(Unknown Source)
	at java.base/jdk.internal.reflect.DelegatingMethodAccessorImpl.invoke(Unknown Source)
	at java.base/java.lang.reflect.Method.invoke(Unknown Source)
	at py4j.reflection.MethodInvoker.invoke(MethodInvoker.java:244)
	at py4j.reflection.ReflectionEngine.invoke(ReflectionEngine.java:374)
	at py4j.Gateway.invoke(Gateway.java:282)
	at py4j.commands.AbstractCommand.invokeMethod(AbstractCommand.java:132)
	at py4j.commands.CallCommand.execute(CallCommand.java:79)
	at py4j.ClientServerConnection.waitForCommands(ClientServerConnection.java:182)
	at py4j.ClientServerConnection.run(ClientServerConnection.java:106)
	at java.base/java.lang.Thread.run(Unknown Source)
Caused by: com.amazonaws.services.s3.model.AmazonS3Exception: The specified bucket does not exist (Service: Amazon S3; Status Code: 404; Error Code: NoSuchBucket; Request ID: 189509A07540E5F1; S3 Extended Request ID: dd9025bab4ad464b049177c95eb6ebf374d3b3fd1af9251148b658df7ac2e3e8; Proxy: null), S3 Extended Request ID: dd9025bab4ad464b049177c95eb6ebf374d3b3fd1af9251148b658df7ac2e3e8
	at com.amazonaws.http.AmazonHttpClient$RequestExecutor.handleErrorResponse(AmazonHttpClient.java:1879)
	at com.amazonaws.http.AmazonHttpClient$RequestExecutor.handleServiceErrorResponse(AmazonHttpClient.java:1418)
	at com.amazonaws.http.AmazonHttpClient$RequestExecutor.executeOneRequest(AmazonHttpClient.java:1387)
	at com.amazonaws.http.AmazonHttpClient$RequestExecutor.executeHelper(AmazonHttpClient.java:1157)
	at com.amazonaws.http.AmazonHttpClient$RequestExecutor.doExecute(AmazonHttpClient.java:814)
	at com.amazonaws.http.AmazonHttpClient$RequestExecutor.executeWithTimer(AmazonHttpClient.java:781)
	at com.amazonaws.http.AmazonHttpClient$RequestExecutor.execute(AmazonHttpClient.java:755)
	at com.amazonaws.http.AmazonHttpClient$RequestExecutor.access$500(AmazonHttpClient.java:715)
	at com.amazonaws.http.AmazonHttpClient$RequestExecutionBuilderImpl.execute(AmazonHttpClient.java:697)
	at com.amazonaws.http.AmazonHttpClient.execute(AmazonHttpClient.java:561)
	at com.amazonaws.http.AmazonHttpClient.execute(AmazonHttpClient.java:541)
	at com.amazonaws.services.s3.AmazonS3Client.invoke(AmazonS3Client.java:5456)
	at com.amazonaws.services.s3.AmazonS3Client.invoke(AmazonS3Client.java:5403)
	at com.amazonaws.services.s3.AmazonS3Client.invoke(AmazonS3Client.java:5397)
	at com.amazonaws.services.s3.AmazonS3Client.listObjectsV2(AmazonS3Client.java:971)
	at org.apache.hadoop.fs.s3a.S3AFileSystem.lambda$listObjects$11(S3AFileSystem.java:2595)
	at org.apache.hadoop.fs.statistics.impl.IOStatisticsBinding.lambda$trackDurationOfOperation$5(IOStatisticsBinding.java:499)
	at org.apache.hadoop.fs.s3a.Invoker.retryUntranslated(Invoker.java:414)
	at org.apache.hadoop.fs.s3a.Invoker.retryUntranslated(Invoker.java:377)
	at org.apache.hadoop.fs.s3a.S3AFileSystem.listObjects(S3AFileSystem.java:2586)
	at org.apache.hadoop.fs.s3a.S3AFileSystem.s3GetFileStatus(S3AFileSystem.java:3832)
	... 60 more

26/02/17 12:50:13 INFO SparkContext: Invoking stop() from shutdown hook
26/02/17 12:50:13 INFO SparkContext: SparkContext is stopping with exitCode 0.
26/02/17 12:50:13 INFO SparkUI: Stopped Spark web UI at http://89a6a84b92a8:4040
26/02/17 12:50:13 INFO StandaloneSchedulerBackend: Shutting down all executors
26/02/17 12:50:13 INFO StandaloneSchedulerBackend$StandaloneDriverEndpoint: Asking each executor to shut down
26/02/17 12:50:13 INFO MapOutputTrackerMasterEndpoint: MapOutputTrackerMasterEndpoint stopped!
26/02/17 12:50:13 INFO MemoryStore: MemoryStore cleared
26/02/17 12:50:13 INFO BlockManager: BlockManager stopped
26/02/17 12:50:13 INFO BlockManagerMaster: BlockManagerMaster stopped
26/02/17 12:50:13 INFO OutputCommitCoordinator$OutputCommitCoordinatorEndpoint: OutputCommitCoordinator stopped!
26/02/17 12:50:13 INFO SparkContext: Successfully stopped SparkContext
26/02/17 12:50:13 INFO ShutdownHookManager: Shutdown hook called
26/02/17 12:50:13 INFO ShutdownHookManager: Deleting directory /tmp/spark-775bcccc-d5cb-497e-b41e-38f5fc5f3eee
26/02/17 12:50:13 INFO ShutdownHookManager: Deleting directory /tmp/spark-8eedcf7b-5c5f-488c-8e73-374249863654/pyspark-2a8dac8f-a060-476f-b72f-909aebe8f8d9
26/02/17 12:50:13 INFO ShutdownHookManager: Deleting directory /tmp/spark-8eedcf7b-5c5f-488c-8e73-374249863654
26/02/17 12:50:13 INFO MetricsSystemImpl: Stopping s3a-file-system metrics system...
26/02/17 12:50:13 INFO MetricsSystemImpl: s3a-file-system metrics system stopped.
26/02/17 12:50:13 INFO MetricsSystemImpl: s3a-file-system metrics system shutdown complete.
