[2026-02-17T21:59:07.538+0000] {taskinstance.py:1157} INFO - Dependencies all met for dep_context=non-requeueable deps ti=<TaskInstance: sentinel_etl_pipeline.process_data_spark scheduled__2026-02-16T00:00:00+00:00 [queued]>
[2026-02-17T21:59:07.543+0000] {taskinstance.py:1157} INFO - Dependencies all met for dep_context=requeueable deps ti=<TaskInstance: sentinel_etl_pipeline.process_data_spark scheduled__2026-02-16T00:00:00+00:00 [queued]>
[2026-02-17T21:59:07.543+0000] {taskinstance.py:1359} INFO - Starting attempt 4 of 4
[2026-02-17T21:59:07.553+0000] {taskinstance.py:1380} INFO - Executing <Task(SparkSubmitOperator): process_data_spark> on 2026-02-16 00:00:00+00:00
[2026-02-17T21:59:07.558+0000] {standard_task_runner.py:57} INFO - Started process 46 to run task
[2026-02-17T21:59:07.561+0000] {standard_task_runner.py:84} INFO - Running: ['airflow', 'tasks', 'run', 'sentinel_etl_pipeline', 'process_data_spark', 'scheduled__2026-02-16T00:00:00+00:00', '--job-id', '19', '--raw', '--subdir', 'DAGS_FOLDER/sentinel_pipeline.py', '--cfg-path', '/tmp/tmpt67k0oor']
[2026-02-17T21:59:07.562+0000] {standard_task_runner.py:85} INFO - Job 19: Subtask process_data_spark
[2026-02-17T21:59:07.591+0000] {task_command.py:415} INFO - Running <TaskInstance: sentinel_etl_pipeline.process_data_spark scheduled__2026-02-16T00:00:00+00:00 [running]> on host f0c38a76dbf1
[2026-02-17T21:59:07.631+0000] {taskinstance.py:1660} INFO - Exporting env vars: AIRFLOW_CTX_DAG_OWNER='SentinelDataEngineer' AIRFLOW_CTX_DAG_ID='sentinel_etl_pipeline' AIRFLOW_CTX_TASK_ID='process_data_spark' AIRFLOW_CTX_EXECUTION_DATE='2026-02-16T00:00:00+00:00' AIRFLOW_CTX_TRY_NUMBER='4' AIRFLOW_CTX_DAG_RUN_ID='scheduled__2026-02-16T00:00:00+00:00'
[2026-02-17T21:59:07.640+0000] {base.py:73} INFO - Using connection ID 'spark_default' for task execution.
[2026-02-17T21:59:07.641+0000] {spark_submit.py:403} INFO - Spark-Submit cmd: spark-submit --master spark://spark-master:7077 --conf spark.hadoop.fs.s3a.endpoint=http://minio:9000 --conf spark.hadoop.fs.s3a.access.key=minioadmin --conf spark.hadoop.fs.s3a.secret.key=****** --conf spark.hadoop.fs.s3a.path.style.access=true --conf spark.hadoop.fs.s3a.impl=org.apache.hadoop.fs.s3a.S3AFileSystem --conf spark.hadoop.fs.s3a.connection.ssl.enabled=false --packages org.apache.hadoop:hadoop-aws:3.3.4 --name arrow-spark --verbose --deploy-mode client /app/jobs/etl_processing.py
[2026-02-17T21:59:07.752+0000] {spark_submit.py:579} INFO - /home/airflow/.local/lib/python3.8/site-packages/pyspark/bin/load-spark-env.sh: line 68: ps: command not found
[2026-02-17T21:59:09.039+0000] {spark_submit.py:579} INFO - Using properties file: null
[2026-02-17T21:59:09.158+0000] {spark_submit.py:579} INFO - Parsed arguments:
[2026-02-17T21:59:09.158+0000] {spark_submit.py:579} INFO - master                  spark://spark-master:7077
[2026-02-17T21:59:09.158+0000] {spark_submit.py:579} INFO - remote                  null
[2026-02-17T21:59:09.158+0000] {spark_submit.py:579} INFO - deployMode              client
[2026-02-17T21:59:09.159+0000] {spark_submit.py:579} INFO - executorMemory          null
[2026-02-17T21:59:09.159+0000] {spark_submit.py:579} INFO - executorCores           null
[2026-02-17T21:59:09.159+0000] {spark_submit.py:579} INFO - totalExecutorCores      null
[2026-02-17T21:59:09.159+0000] {spark_submit.py:579} INFO - propertiesFile          null
[2026-02-17T21:59:09.159+0000] {spark_submit.py:579} INFO - driverMemory            null
[2026-02-17T21:59:09.159+0000] {spark_submit.py:579} INFO - driverCores             null
[2026-02-17T21:59:09.159+0000] {spark_submit.py:579} INFO - driverExtraClassPath    null
[2026-02-17T21:59:09.159+0000] {spark_submit.py:579} INFO - driverExtraLibraryPath  null
[2026-02-17T21:59:09.159+0000] {spark_submit.py:579} INFO - driverExtraJavaOptions  null
[2026-02-17T21:59:09.160+0000] {spark_submit.py:579} INFO - supervise               false
[2026-02-17T21:59:09.160+0000] {spark_submit.py:579} INFO - queue                   null
[2026-02-17T21:59:09.160+0000] {spark_submit.py:579} INFO - numExecutors            null
[2026-02-17T21:59:09.160+0000] {spark_submit.py:579} INFO - files                   null
[2026-02-17T21:59:09.160+0000] {spark_submit.py:579} INFO - pyFiles                 null
[2026-02-17T21:59:09.160+0000] {spark_submit.py:579} INFO - archives                null
[2026-02-17T21:59:09.160+0000] {spark_submit.py:579} INFO - mainClass               null
[2026-02-17T21:59:09.160+0000] {spark_submit.py:579} INFO - primaryResource         file:/app/jobs/etl_processing.py
[2026-02-17T21:59:09.161+0000] {spark_submit.py:579} INFO - name                    arrow-spark
[2026-02-17T21:59:09.161+0000] {spark_submit.py:579} INFO - childArgs               []
[2026-02-17T21:59:09.161+0000] {spark_submit.py:579} INFO - jars                    null
[2026-02-17T21:59:09.161+0000] {spark_submit.py:579} INFO - packages                org.apache.hadoop:hadoop-aws:3.3.4
[2026-02-17T21:59:09.161+0000] {spark_submit.py:579} INFO - packagesExclusions      null
[2026-02-17T21:59:09.161+0000] {spark_submit.py:579} INFO - repositories            null
[2026-02-17T21:59:09.161+0000] {spark_submit.py:579} INFO - verbose                 true
[2026-02-17T21:59:09.161+0000] {spark_submit.py:579} INFO - 
[2026-02-17T21:59:09.161+0000] {spark_submit.py:579} INFO - Spark properties used, including those specified through
[2026-02-17T21:59:09.161+0000] {spark_submit.py:579} INFO - --conf and those from the properties file null:
[2026-02-17T21:59:09.161+0000] {spark_submit.py:579} INFO - (spark.hadoop.fs.s3a.access.key,*********(redacted))
[2026-02-17T21:59:09.161+0000] {spark_submit.py:579} INFO - (spark.hadoop.fs.s3a.connection.ssl.enabled,false)
[2026-02-17T21:59:09.161+0000] {spark_submit.py:579} INFO - (spark.hadoop.fs.s3a.endpoint,http://minio:9000)
[2026-02-17T21:59:09.162+0000] {spark_submit.py:579} INFO - (spark.hadoop.fs.s3a.impl,org.apache.hadoop.fs.s3a.S3AFileSystem)
[2026-02-17T21:59:09.162+0000] {spark_submit.py:579} INFO - (spark.hadoop.fs.s3a.path.style.access,true)
[2026-02-17T21:59:09.162+0000] {spark_submit.py:579} INFO - (spark.hadoop.fs.s3a.secret.key,*********(redacted))
[2026-02-17T21:59:09.162+0000] {spark_submit.py:579} INFO - 
[2026-02-17T21:59:09.162+0000] {spark_submit.py:579} INFO - 
[2026-02-17T21:59:09.266+0000] {spark_submit.py:579} INFO - :: loading settings :: url = jar:file:/home/airflow/.local/lib/python3.8/site-packages/pyspark/jars/ivy-2.5.1.jar!/org/apache/ivy/core/settings/ivysettings.xml
[2026-02-17T21:59:09.351+0000] {spark_submit.py:579} INFO - Ivy Default Cache set to: /home/airflow/.ivy2/cache
[2026-02-17T21:59:09.351+0000] {spark_submit.py:579} INFO - The jars for the packages stored in: /home/airflow/.ivy2/jars
[2026-02-17T21:59:09.355+0000] {spark_submit.py:579} INFO - org.apache.hadoop#hadoop-aws added as a dependency
[2026-02-17T21:59:09.356+0000] {spark_submit.py:579} INFO - :: resolving dependencies :: org.apache.spark#spark-submit-parent-6ec47681-df37-4a84-9dcd-76a825afad19;1.0
[2026-02-17T21:59:09.356+0000] {spark_submit.py:579} INFO - confs: [default]
[2026-02-17T21:59:11.513+0000] {spark_submit.py:579} INFO - found org.apache.hadoop#hadoop-aws;3.3.4 in central
[2026-02-17T21:59:12.911+0000] {spark_submit.py:579} INFO - found com.amazonaws#aws-java-sdk-bundle;1.12.262 in central
[2026-02-17T21:59:15.663+0000] {spark_submit.py:579} INFO - found org.wildfly.openssl#wildfly-openssl;1.0.7.Final in central
[2026-02-17T21:59:15.702+0000] {spark_submit.py:579} INFO - downloading https://repo1.maven.org/maven2/org/apache/hadoop/hadoop-aws/3.3.4/hadoop-aws-3.3.4.jar ...
[2026-02-17T21:59:15.790+0000] {spark_submit.py:579} INFO - [SUCCESSFUL ] org.apache.hadoop#hadoop-aws;3.3.4!hadoop-aws.jar (119ms)
[2026-02-17T21:59:15.822+0000] {spark_submit.py:579} INFO - downloading https://repo1.maven.org/maven2/com/amazonaws/aws-java-sdk-bundle/1.12.262/aws-java-sdk-bundle-1.12.262.jar ...
[2026-02-17T21:59:45.934+0000] {spark_submit.py:579} INFO - [SUCCESSFUL ] com.amazonaws#aws-java-sdk-bundle;1.12.262!aws-java-sdk-bundle.jar (30144ms)
[2026-02-17T21:59:45.970+0000] {spark_submit.py:579} INFO - downloading https://repo1.maven.org/maven2/org/wildfly/openssl/wildfly-openssl/1.0.7.Final/wildfly-openssl-1.0.7.Final.jar ...
[2026-02-17T21:59:46.035+0000] {spark_submit.py:579} INFO - [SUCCESSFUL ] org.wildfly.openssl#wildfly-openssl;1.0.7.Final!wildfly-openssl.jar (100ms)
[2026-02-17T21:59:46.035+0000] {spark_submit.py:579} INFO - :: resolution report :: resolve 6313ms :: artifacts dl 30366ms
[2026-02-17T21:59:46.036+0000] {spark_submit.py:579} INFO - :: modules in use:
[2026-02-17T21:59:46.036+0000] {spark_submit.py:579} INFO - com.amazonaws#aws-java-sdk-bundle;1.12.262 from central in [default]
[2026-02-17T21:59:46.036+0000] {spark_submit.py:579} INFO - org.apache.hadoop#hadoop-aws;3.3.4 from central in [default]
[2026-02-17T21:59:46.036+0000] {spark_submit.py:579} INFO - org.wildfly.openssl#wildfly-openssl;1.0.7.Final from central in [default]
[2026-02-17T21:59:46.036+0000] {spark_submit.py:579} INFO - ---------------------------------------------------------------------
[2026-02-17T21:59:46.036+0000] {spark_submit.py:579} INFO - |                  |            modules            ||   artifacts   |
[2026-02-17T21:59:46.036+0000] {spark_submit.py:579} INFO - |       conf       | number| search|dwnlded|evicted|| number|dwnlded|
[2026-02-17T21:59:46.036+0000] {spark_submit.py:579} INFO - ---------------------------------------------------------------------
[2026-02-17T21:59:46.036+0000] {spark_submit.py:579} INFO - |      default     |   3   |   3   |   3   |   0   ||   3   |   3   |
[2026-02-17T21:59:46.036+0000] {spark_submit.py:579} INFO - ---------------------------------------------------------------------
[2026-02-17T21:59:46.039+0000] {spark_submit.py:579} INFO - :: retrieving :: org.apache.spark#spark-submit-parent-6ec47681-df37-4a84-9dcd-76a825afad19
[2026-02-17T21:59:46.039+0000] {spark_submit.py:579} INFO - confs: [default]
[2026-02-17T21:59:46.171+0000] {spark_submit.py:579} INFO - 3 artifacts copied, 0 already retrieved (275421kB/132ms)
[2026-02-17T21:59:46.313+0000] {spark_submit.py:579} INFO - 26/02/17 21:59:46 WARN NativeCodeLoader: Unable to load native-hadoop library for your platform... using builtin-java classes where applicable
[2026-02-17T21:59:46.432+0000] {spark_submit.py:579} INFO - Main class:
[2026-02-17T21:59:46.433+0000] {spark_submit.py:579} INFO - org.apache.spark.deploy.PythonRunner
[2026-02-17T21:59:46.433+0000] {spark_submit.py:579} INFO - Arguments:
[2026-02-17T21:59:46.433+0000] {spark_submit.py:579} INFO - file:/app/jobs/etl_processing.py
[2026-02-17T21:59:46.433+0000] {spark_submit.py:579} INFO - file:///home/airflow/.ivy2/jars/org.apache.hadoop_hadoop-aws-3.3.4.jar,file:///home/airflow/.ivy2/jars/com.amazonaws_aws-java-sdk-bundle-1.12.262.jar,file:///home/airflow/.ivy2/jars/org.wildfly.openssl_wildfly-openssl-1.0.7.Final.jar
[2026-02-17T21:59:46.435+0000] {spark_submit.py:579} INFO - Spark config:
[2026-02-17T21:59:46.435+0000] {spark_submit.py:579} INFO - (spark.app.name,arrow-spark)
[2026-02-17T21:59:46.435+0000] {spark_submit.py:579} INFO - (spark.app.submitTime,1771365586421)
[2026-02-17T21:59:46.435+0000] {spark_submit.py:579} INFO - (spark.files,file:///home/airflow/.ivy2/jars/org.apache.hadoop_hadoop-aws-3.3.4.jar,file:///home/airflow/.ivy2/jars/com.amazonaws_aws-java-sdk-bundle-1.12.262.jar,file:///home/airflow/.ivy2/jars/org.wildfly.openssl_wildfly-openssl-1.0.7.Final.jar)
[2026-02-17T21:59:46.435+0000] {spark_submit.py:579} INFO - (spark.hadoop.fs.s3a.access.key,*********(redacted))
[2026-02-17T21:59:46.435+0000] {spark_submit.py:579} INFO - (spark.hadoop.fs.s3a.connection.ssl.enabled,false)
[2026-02-17T21:59:46.435+0000] {spark_submit.py:579} INFO - (spark.hadoop.fs.s3a.endpoint,http://minio:9000)
[2026-02-17T21:59:46.435+0000] {spark_submit.py:579} INFO - (spark.hadoop.fs.s3a.impl,org.apache.hadoop.fs.s3a.S3AFileSystem)
[2026-02-17T21:59:46.435+0000] {spark_submit.py:579} INFO - (spark.hadoop.fs.s3a.path.style.access,true)
[2026-02-17T21:59:46.435+0000] {spark_submit.py:579} INFO - (spark.hadoop.fs.s3a.secret.key,*********(redacted))
[2026-02-17T21:59:46.435+0000] {spark_submit.py:579} INFO - (spark.jars,file:///home/airflow/.ivy2/jars/org.apache.hadoop_hadoop-aws-3.3.4.jar,file:///home/airflow/.ivy2/jars/com.amazonaws_aws-java-sdk-bundle-1.12.262.jar,file:///home/airflow/.ivy2/jars/org.wildfly.openssl_wildfly-openssl-1.0.7.Final.jar)
[2026-02-17T21:59:46.436+0000] {spark_submit.py:579} INFO - (spark.master,spark://spark-master:7077)
[2026-02-17T21:59:46.436+0000] {spark_submit.py:579} INFO - (spark.repl.local.jars,file:///home/airflow/.ivy2/jars/org.apache.hadoop_hadoop-aws-3.3.4.jar,file:///home/airflow/.ivy2/jars/com.amazonaws_aws-java-sdk-bundle-1.12.262.jar,file:///home/airflow/.ivy2/jars/org.wildfly.openssl_wildfly-openssl-1.0.7.Final.jar)
[2026-02-17T21:59:46.436+0000] {spark_submit.py:579} INFO - (spark.submit.deployMode,client)
[2026-02-17T21:59:46.436+0000] {spark_submit.py:579} INFO - (spark.submit.pyFiles,/home/airflow/.ivy2/jars/org.apache.hadoop_hadoop-aws-3.3.4.jar,/home/airflow/.ivy2/jars/com.amazonaws_aws-java-sdk-bundle-1.12.262.jar,/home/airflow/.ivy2/jars/org.wildfly.openssl_wildfly-openssl-1.0.7.Final.jar)
[2026-02-17T21:59:46.436+0000] {spark_submit.py:579} INFO - Classpath elements:
[2026-02-17T21:59:46.436+0000] {spark_submit.py:579} INFO - file:///home/airflow/.ivy2/jars/org.apache.hadoop_hadoop-aws-3.3.4.jar
[2026-02-17T21:59:46.436+0000] {spark_submit.py:579} INFO - file:///home/airflow/.ivy2/jars/com.amazonaws_aws-java-sdk-bundle-1.12.262.jar
[2026-02-17T21:59:46.436+0000] {spark_submit.py:579} INFO - file:///home/airflow/.ivy2/jars/org.wildfly.openssl_wildfly-openssl-1.0.7.Final.jar
[2026-02-17T21:59:46.436+0000] {spark_submit.py:579} INFO - 
[2026-02-17T21:59:46.436+0000] {spark_submit.py:579} INFO - 
[2026-02-17T21:59:47.164+0000] {spark_submit.py:579} INFO - 26/02/17 21:59:47 INFO SparkContext: Running Spark version 3.5.0
[2026-02-17T21:59:47.164+0000] {spark_submit.py:579} INFO - 26/02/17 21:59:47 INFO SparkContext: OS info Linux, 6.17.0-14-generic, amd64
[2026-02-17T21:59:47.164+0000] {spark_submit.py:579} INFO - 26/02/17 21:59:47 INFO SparkContext: Java version 11.0.30
[2026-02-17T21:59:47.178+0000] {spark_submit.py:579} INFO - 26/02/17 21:59:47 INFO ResourceUtils: ==============================================================
[2026-02-17T21:59:47.178+0000] {spark_submit.py:579} INFO - 26/02/17 21:59:47 INFO ResourceUtils: No custom resources configured for spark.driver.
[2026-02-17T21:59:47.178+0000] {spark_submit.py:579} INFO - 26/02/17 21:59:47 INFO ResourceUtils: ==============================================================
[2026-02-17T21:59:47.179+0000] {spark_submit.py:579} INFO - 26/02/17 21:59:47 INFO SparkContext: Submitted application: SentinelCloud_ETL_RawToSilver
[2026-02-17T21:59:47.192+0000] {spark_submit.py:579} INFO - 26/02/17 21:59:47 INFO ResourceProfile: Default ResourceProfile created, executor resources: Map(memory -> name: memory, amount: 1024, script: , vendor: , offHeap -> name: offHeap, amount: 0, script: , vendor: ), task resources: Map(cpus -> name: cpus, amount: 1.0)
[2026-02-17T21:59:47.199+0000] {spark_submit.py:579} INFO - 26/02/17 21:59:47 INFO ResourceProfile: Limiting resource is cpu
[2026-02-17T21:59:47.200+0000] {spark_submit.py:579} INFO - 26/02/17 21:59:47 INFO ResourceProfileManager: Added ResourceProfile id: 0
[2026-02-17T21:59:47.237+0000] {spark_submit.py:579} INFO - 26/02/17 21:59:47 INFO SecurityManager: Changing view acls to: airflow
[2026-02-17T21:59:47.237+0000] {spark_submit.py:579} INFO - 26/02/17 21:59:47 INFO SecurityManager: Changing modify acls to: airflow
[2026-02-17T21:59:47.237+0000] {spark_submit.py:579} INFO - 26/02/17 21:59:47 INFO SecurityManager: Changing view acls groups to:
[2026-02-17T21:59:47.237+0000] {spark_submit.py:579} INFO - 26/02/17 21:59:47 INFO SecurityManager: Changing modify acls groups to:
[2026-02-17T21:59:47.238+0000] {spark_submit.py:579} INFO - 26/02/17 21:59:47 INFO SecurityManager: SecurityManager: authentication disabled; ui acls disabled; users with view permissions: airflow; groups with view permissions: EMPTY; users with modify permissions: airflow; groups with modify permissions: EMPTY
[2026-02-17T21:59:47.381+0000] {spark_submit.py:579} INFO - 26/02/17 21:59:47 INFO Utils: Successfully started service 'sparkDriver' on port 36543.
[2026-02-17T21:59:47.400+0000] {spark_submit.py:579} INFO - 26/02/17 21:59:47 INFO SparkEnv: Registering MapOutputTracker
[2026-02-17T21:59:47.423+0000] {spark_submit.py:579} INFO - 26/02/17 21:59:47 INFO SparkEnv: Registering BlockManagerMaster
[2026-02-17T21:59:47.437+0000] {spark_submit.py:579} INFO - 26/02/17 21:59:47 INFO BlockManagerMasterEndpoint: Using org.apache.spark.storage.DefaultTopologyMapper for getting topology information
[2026-02-17T21:59:47.437+0000] {spark_submit.py:579} INFO - 26/02/17 21:59:47 INFO BlockManagerMasterEndpoint: BlockManagerMasterEndpoint up
[2026-02-17T21:59:47.440+0000] {spark_submit.py:579} INFO - 26/02/17 21:59:47 INFO SparkEnv: Registering BlockManagerMasterHeartbeat
[2026-02-17T21:59:47.455+0000] {spark_submit.py:579} INFO - 26/02/17 21:59:47 INFO DiskBlockManager: Created local directory at /tmp/blockmgr-a99a2936-e28b-4144-830e-fa4f860fbf5d
[2026-02-17T21:59:47.465+0000] {spark_submit.py:579} INFO - 26/02/17 21:59:47 INFO MemoryStore: MemoryStore started with capacity 434.4 MiB
[2026-02-17T21:59:47.475+0000] {spark_submit.py:579} INFO - 26/02/17 21:59:47 INFO SparkEnv: Registering OutputCommitCoordinator
[2026-02-17T21:59:47.561+0000] {spark_submit.py:579} INFO - 26/02/17 21:59:47 INFO JettyUtils: Start Jetty 0.0.0.0:4040 for SparkUI
[2026-02-17T21:59:47.602+0000] {spark_submit.py:579} INFO - 26/02/17 21:59:47 INFO Utils: Successfully started service 'SparkUI' on port 4040.
[2026-02-17T21:59:47.628+0000] {spark_submit.py:579} INFO - 26/02/17 21:59:47 INFO SparkContext: Added JAR file:///home/airflow/.ivy2/jars/org.apache.hadoop_hadoop-aws-3.3.4.jar at spark://f0c38a76dbf1:36543/jars/org.apache.hadoop_hadoop-aws-3.3.4.jar with timestamp 1771365587158
[2026-02-17T21:59:47.628+0000] {spark_submit.py:579} INFO - 26/02/17 21:59:47 INFO SparkContext: Added JAR file:///home/airflow/.ivy2/jars/com.amazonaws_aws-java-sdk-bundle-1.12.262.jar at spark://f0c38a76dbf1:36543/jars/com.amazonaws_aws-java-sdk-bundle-1.12.262.jar with timestamp 1771365587158
[2026-02-17T21:59:47.628+0000] {spark_submit.py:579} INFO - 26/02/17 21:59:47 INFO SparkContext: Added JAR file:///home/airflow/.ivy2/jars/org.wildfly.openssl_wildfly-openssl-1.0.7.Final.jar at spark://f0c38a76dbf1:36543/jars/org.wildfly.openssl_wildfly-openssl-1.0.7.Final.jar with timestamp 1771365587158
[2026-02-17T21:59:47.631+0000] {spark_submit.py:579} INFO - 26/02/17 21:59:47 INFO SparkContext: Added file file:///home/airflow/.ivy2/jars/org.apache.hadoop_hadoop-aws-3.3.4.jar at spark://f0c38a76dbf1:36543/files/org.apache.hadoop_hadoop-aws-3.3.4.jar with timestamp 1771365587158
[2026-02-17T21:59:47.631+0000] {spark_submit.py:579} INFO - 26/02/17 21:59:47 INFO Utils: Copying /home/airflow/.ivy2/jars/org.apache.hadoop_hadoop-aws-3.3.4.jar to /tmp/spark-9db558b1-301b-462f-8c68-07e3d2b2e215/userFiles-b5cf2d81-fb4b-4cc5-bca5-defac85879a9/org.apache.hadoop_hadoop-aws-3.3.4.jar
[2026-02-17T21:59:47.640+0000] {spark_submit.py:579} INFO - 26/02/17 21:59:47 INFO SparkContext: Added file file:///home/airflow/.ivy2/jars/com.amazonaws_aws-java-sdk-bundle-1.12.262.jar at spark://f0c38a76dbf1:36543/files/com.amazonaws_aws-java-sdk-bundle-1.12.262.jar with timestamp 1771365587158
[2026-02-17T21:59:47.640+0000] {spark_submit.py:579} INFO - 26/02/17 21:59:47 INFO Utils: Copying /home/airflow/.ivy2/jars/com.amazonaws_aws-java-sdk-bundle-1.12.262.jar to /tmp/spark-9db558b1-301b-462f-8c68-07e3d2b2e215/userFiles-b5cf2d81-fb4b-4cc5-bca5-defac85879a9/com.amazonaws_aws-java-sdk-bundle-1.12.262.jar
[2026-02-17T21:59:47.853+0000] {spark_submit.py:579} INFO - 26/02/17 21:59:47 INFO SparkContext: Added file file:///home/airflow/.ivy2/jars/org.wildfly.openssl_wildfly-openssl-1.0.7.Final.jar at spark://f0c38a76dbf1:36543/files/org.wildfly.openssl_wildfly-openssl-1.0.7.Final.jar with timestamp 1771365587158
[2026-02-17T21:59:47.853+0000] {spark_submit.py:579} INFO - 26/02/17 21:59:47 INFO Utils: Copying /home/airflow/.ivy2/jars/org.wildfly.openssl_wildfly-openssl-1.0.7.Final.jar to /tmp/spark-9db558b1-301b-462f-8c68-07e3d2b2e215/userFiles-b5cf2d81-fb4b-4cc5-bca5-defac85879a9/org.wildfly.openssl_wildfly-openssl-1.0.7.Final.jar
[2026-02-17T21:59:47.910+0000] {spark_submit.py:579} INFO - 26/02/17 21:59:47 INFO StandaloneAppClient$ClientEndpoint: Connecting to master spark://spark-master:7077...
[2026-02-17T21:59:47.941+0000] {spark_submit.py:579} INFO - 26/02/17 21:59:47 INFO TransportClientFactory: Successfully created connection to spark-master/172.28.0.2:7077 after 20 ms (0 ms spent in bootstraps)
[2026-02-17T21:59:48.049+0000] {spark_submit.py:579} INFO - 26/02/17 21:59:48 INFO StandaloneSchedulerBackend: Connected to Spark cluster with app ID app-20260217215948-0000
[2026-02-17T21:59:48.059+0000] {spark_submit.py:579} INFO - 26/02/17 21:59:48 INFO Utils: Successfully started service 'org.apache.spark.network.netty.NettyBlockTransferService' on port 39177.
[2026-02-17T21:59:48.059+0000] {spark_submit.py:579} INFO - 26/02/17 21:59:48 INFO NettyBlockTransferService: Server created on f0c38a76dbf1:39177
[2026-02-17T21:59:48.061+0000] {spark_submit.py:579} INFO - 26/02/17 21:59:48 INFO BlockManager: Using org.apache.spark.storage.RandomBlockReplicationPolicy for block replication policy
[2026-02-17T21:59:48.068+0000] {spark_submit.py:579} INFO - 26/02/17 21:59:48 INFO BlockManagerMaster: Registering BlockManager BlockManagerId(driver, f0c38a76dbf1, 39177, None)
[2026-02-17T21:59:48.070+0000] {spark_submit.py:579} INFO - 26/02/17 21:59:48 INFO BlockManagerMasterEndpoint: Registering block manager f0c38a76dbf1:39177 with 434.4 MiB RAM, BlockManagerId(driver, f0c38a76dbf1, 39177, None)
[2026-02-17T21:59:48.072+0000] {spark_submit.py:579} INFO - 26/02/17 21:59:48 INFO BlockManagerMaster: Registered BlockManager BlockManagerId(driver, f0c38a76dbf1, 39177, None)
[2026-02-17T21:59:48.073+0000] {spark_submit.py:579} INFO - 26/02/17 21:59:48 INFO StandaloneAppClient$ClientEndpoint: Executor added: app-20260217215948-0000/0 on worker-20260217215856-172.28.0.7-37333 (172.28.0.7:37333) with 1 core(s)
[2026-02-17T21:59:48.073+0000] {spark_submit.py:579} INFO - 26/02/17 21:59:48 INFO BlockManager: Initialized BlockManager: BlockManagerId(driver, f0c38a76dbf1, 39177, None)
[2026-02-17T21:59:48.074+0000] {spark_submit.py:579} INFO - 26/02/17 21:59:48 INFO StandaloneSchedulerBackend: Granted executor ID app-20260217215948-0000/0 on hostPort 172.28.0.7:37333 with 1 core(s), 1024.0 MiB RAM
[2026-02-17T21:59:48.192+0000] {spark_submit.py:579} INFO - 26/02/17 21:59:48 INFO StandaloneAppClient$ClientEndpoint: Executor updated: app-20260217215948-0000/0 is now RUNNING
[2026-02-17T21:59:48.247+0000] {spark_submit.py:579} INFO - 26/02/17 21:59:48 INFO StandaloneSchedulerBackend: SchedulerBackend is ready for scheduling beginning after reached minRegisteredResourcesRatio: 0.0
[2026-02-17T21:59:48.425+0000] {spark_submit.py:579} INFO - --- Iniciando lectura desde s3a://raw-data/*.json ---
[2026-02-17T21:59:48.430+0000] {spark_submit.py:579} INFO - 26/02/17 21:59:48 INFO SharedState: Setting hive.metastore.warehouse.dir ('null') to the value of spark.sql.warehouse.dir.
[2026-02-17T21:59:48.431+0000] {spark_submit.py:579} INFO - 26/02/17 21:59:48 INFO SharedState: Warehouse path is 'file:/opt/airflow/spark-warehouse'.
[2026-02-17T21:59:49.419+0000] {spark_submit.py:579} INFO - 26/02/17 21:59:49 WARN MetricsConfig: Cannot locate configuration: tried hadoop-metrics2-s3a-file-system.properties,hadoop-metrics2.properties
[2026-02-17T21:59:49.431+0000] {spark_submit.py:579} INFO - 26/02/17 21:59:49 INFO MetricsSystemImpl: Scheduled Metric snapshot period at 10 second(s).
[2026-02-17T21:59:49.431+0000] {spark_submit.py:579} INFO - 26/02/17 21:59:49 INFO MetricsSystemImpl: s3a-file-system metrics system started
[2026-02-17T21:59:50.415+0000] {spark_submit.py:579} INFO - 26/02/17 21:59:50 INFO InMemoryFileIndex: It took 59 ms to list leaf files for 1 paths.
[2026-02-17T21:59:50.533+0000] {spark_submit.py:579} INFO - 26/02/17 21:59:50 INFO StandaloneSchedulerBackend$StandaloneDriverEndpoint: Registered executor NettyRpcEndpointRef(spark-client://Executor) (172.28.0.7:33388) with ID 0,  ResourceProfileId 0
[2026-02-17T21:59:50.597+0000] {spark_submit.py:579} INFO - 26/02/17 21:59:50 INFO BlockManagerMasterEndpoint: Registering block manager 172.28.0.7:32879 with 434.4 MiB RAM, BlockManagerId(0, 172.28.0.7, 32879, None)
[2026-02-17T21:59:51.507+0000] {spark_submit.py:579} INFO - 26/02/17 21:59:51 INFO FileSourceStrategy: Pushed Filters:
[2026-02-17T21:59:51.523+0000] {spark_submit.py:579} INFO - 26/02/17 21:59:51 INFO FileSourceStrategy: Post-Scan Filters:
[2026-02-17T21:59:51.766+0000] {spark_submit.py:579} INFO - 26/02/17 21:59:51 INFO MemoryStore: Block broadcast_0 stored as values in memory (estimated size 203.2 KiB, free 434.2 MiB)
[2026-02-17T21:59:51.826+0000] {spark_submit.py:579} INFO - 26/02/17 21:59:51 INFO MemoryStore: Block broadcast_0_piece0 stored as bytes in memory (estimated size 35.3 KiB, free 434.2 MiB)
[2026-02-17T21:59:51.828+0000] {spark_submit.py:579} INFO - 26/02/17 21:59:51 INFO BlockManagerInfo: Added broadcast_0_piece0 in memory on f0c38a76dbf1:39177 (size: 35.3 KiB, free: 434.4 MiB)
[2026-02-17T21:59:51.831+0000] {spark_submit.py:579} INFO - 26/02/17 21:59:51 INFO SparkContext: Created broadcast 0 from javaToPython at NativeMethodAccessorImpl.java:0
[2026-02-17T21:59:51.857+0000] {spark_submit.py:579} INFO - 26/02/17 21:59:51 INFO FileSourceScanExec: Planning scan with bin packing, max size: 8104992 bytes, open cost is considered as scanning 4194304 bytes.
[2026-02-17T21:59:52.103+0000] {spark_submit.py:579} INFO - 26/02/17 21:59:52 INFO SparkContext: Starting job: runJob at PythonRDD.scala:181
[2026-02-17T21:59:52.120+0000] {spark_submit.py:579} INFO - 26/02/17 21:59:52 INFO DAGScheduler: Got job 0 (runJob at PythonRDD.scala:181) with 1 output partitions
[2026-02-17T21:59:52.120+0000] {spark_submit.py:579} INFO - 26/02/17 21:59:52 INFO DAGScheduler: Final stage: ResultStage 0 (runJob at PythonRDD.scala:181)
[2026-02-17T21:59:52.121+0000] {spark_submit.py:579} INFO - 26/02/17 21:59:52 INFO DAGScheduler: Parents of final stage: List()
[2026-02-17T21:59:52.122+0000] {spark_submit.py:579} INFO - 26/02/17 21:59:52 INFO DAGScheduler: Missing parents: List()
[2026-02-17T21:59:52.126+0000] {spark_submit.py:579} INFO - 26/02/17 21:59:52 INFO DAGScheduler: Submitting ResultStage 0 (PythonRDD[5] at RDD at PythonRDD.scala:53), which has no missing parents
[2026-02-17T21:59:52.212+0000] {spark_submit.py:579} INFO - 26/02/17 21:59:52 INFO MemoryStore: Block broadcast_1 stored as values in memory (estimated size 20.3 KiB, free 434.1 MiB)
[2026-02-17T21:59:52.217+0000] {spark_submit.py:579} INFO - 26/02/17 21:59:52 INFO MemoryStore: Block broadcast_1_piece0 stored as bytes in memory (estimated size 9.8 KiB, free 434.1 MiB)
[2026-02-17T21:59:52.217+0000] {spark_submit.py:579} INFO - 26/02/17 21:59:52 INFO BlockManagerInfo: Added broadcast_1_piece0 in memory on f0c38a76dbf1:39177 (size: 9.8 KiB, free: 434.4 MiB)
[2026-02-17T21:59:52.218+0000] {spark_submit.py:579} INFO - 26/02/17 21:59:52 INFO SparkContext: Created broadcast 1 from broadcast at DAGScheduler.scala:1580
[2026-02-17T21:59:52.234+0000] {spark_submit.py:579} INFO - 26/02/17 21:59:52 INFO DAGScheduler: Submitting 1 missing tasks from ResultStage 0 (PythonRDD[5] at RDD at PythonRDD.scala:53) (first 15 tasks are for partitions Vector(0))
[2026-02-17T21:59:52.235+0000] {spark_submit.py:579} INFO - 26/02/17 21:59:52 INFO TaskSchedulerImpl: Adding task set 0.0 with 1 tasks resource profile 0
[2026-02-17T21:59:52.478+0000] {spark_submit.py:579} INFO - 26/02/17 21:59:52 INFO TaskSetManager: Starting task 0.0 in stage 0.0 (TID 0) (172.28.0.7, executor 0, partition 0, PROCESS_LOCAL, 8982 bytes)
[2026-02-17T21:59:52.661+0000] {spark_submit.py:579} INFO - 26/02/17 21:59:52 INFO BlockManagerInfo: Added broadcast_1_piece0 in memory on 172.28.0.7:32879 (size: 9.8 KiB, free: 434.4 MiB)
[2026-02-17T21:59:53.879+0000] {spark_submit.py:579} INFO - 26/02/17 21:59:53 INFO BlockManagerInfo: Added broadcast_0_piece0 in memory on 172.28.0.7:32879 (size: 35.3 KiB, free: 434.4 MiB)
[2026-02-17T21:59:54.926+0000] {spark_submit.py:579} INFO - 26/02/17 21:59:54 INFO TaskSetManager: Finished task 0.0 in stage 0.0 (TID 0) in 2456 ms on 172.28.0.7 (executor 0) (1/1)
[2026-02-17T21:59:54.927+0000] {spark_submit.py:579} INFO - 26/02/17 21:59:54 INFO TaskSchedulerImpl: Removed TaskSet 0.0, whose tasks have all completed, from pool
[2026-02-17T21:59:54.929+0000] {spark_submit.py:579} INFO - 26/02/17 21:59:54 INFO PythonAccumulatorV2: Connected to AccumulatorServer at host: 127.0.0.1 port: 38385
[2026-02-17T21:59:54.931+0000] {spark_submit.py:579} INFO - 26/02/17 21:59:54 INFO DAGScheduler: ResultStage 0 (runJob at PythonRDD.scala:181) finished in 2.789 s
[2026-02-17T21:59:54.933+0000] {spark_submit.py:579} INFO - 26/02/17 21:59:54 INFO DAGScheduler: Job 0 is finished. Cancelling potential speculative or zombie tasks for this job
[2026-02-17T21:59:54.934+0000] {spark_submit.py:579} INFO - 26/02/17 21:59:54 INFO TaskSchedulerImpl: Killing all running tasks in stage 0: Stage finished
[2026-02-17T21:59:54.935+0000] {spark_submit.py:579} INFO - 26/02/17 21:59:54 INFO DAGScheduler: Job 0 finished: runJob at PythonRDD.scala:181, took 2.831708 s
[2026-02-17T21:59:54.948+0000] {spark_submit.py:579} INFO - --- Datos crudos leídos. ---
[2026-02-17T21:59:55.156+0000] {spark_submit.py:579} INFO - --- Muestra de datos limpios: ---
[2026-02-17T21:59:55.267+0000] {spark_submit.py:579} INFO - 26/02/17 21:59:55 INFO FileSourceStrategy: Pushed Filters: IsNotNull(memory_usage_percent),GreaterThanOrEqual(memory_usage_percent,0.0),LessThanOrEqual(memory_usage_percent,100.0)
[2026-02-17T21:59:55.269+0000] {spark_submit.py:579} INFO - 26/02/17 21:59:55 INFO FileSourceStrategy: Post-Scan Filters: isnotnull(memory_usage_percent#8),(memory_usage_percent#8 >= 0.0),(memory_usage_percent#8 <= 100.0)
[2026-02-17T21:59:55.541+0000] {spark_submit.py:579} INFO - 26/02/17 21:59:55 INFO CodeGenerator: Code generated in 150.525638 ms
[2026-02-17T21:59:55.546+0000] {spark_submit.py:579} INFO - 26/02/17 21:59:55 INFO MemoryStore: Block broadcast_2 stored as values in memory (estimated size 203.2 KiB, free 433.9 MiB)
[2026-02-17T21:59:55.553+0000] {spark_submit.py:579} INFO - 26/02/17 21:59:55 INFO MemoryStore: Block broadcast_2_piece0 stored as bytes in memory (estimated size 35.3 KiB, free 433.9 MiB)
[2026-02-17T21:59:55.554+0000] {spark_submit.py:579} INFO - 26/02/17 21:59:55 INFO BlockManagerInfo: Added broadcast_2_piece0 in memory on f0c38a76dbf1:39177 (size: 35.3 KiB, free: 434.3 MiB)
[2026-02-17T21:59:55.554+0000] {spark_submit.py:579} INFO - 26/02/17 21:59:55 INFO SparkContext: Created broadcast 2 from showString at NativeMethodAccessorImpl.java:0
[2026-02-17T21:59:55.556+0000] {spark_submit.py:579} INFO - 26/02/17 21:59:55 INFO FileSourceScanExec: Planning scan with bin packing, max size: 8104992 bytes, open cost is considered as scanning 4194304 bytes.
[2026-02-17T21:59:55.574+0000] {spark_submit.py:579} INFO - 26/02/17 21:59:55 INFO SparkContext: Starting job: showString at NativeMethodAccessorImpl.java:0
[2026-02-17T21:59:55.575+0000] {spark_submit.py:579} INFO - 26/02/17 21:59:55 INFO DAGScheduler: Got job 1 (showString at NativeMethodAccessorImpl.java:0) with 1 output partitions
[2026-02-17T21:59:55.575+0000] {spark_submit.py:579} INFO - 26/02/17 21:59:55 INFO DAGScheduler: Final stage: ResultStage 1 (showString at NativeMethodAccessorImpl.java:0)
[2026-02-17T21:59:55.576+0000] {spark_submit.py:579} INFO - 26/02/17 21:59:55 INFO DAGScheduler: Parents of final stage: List()
[2026-02-17T21:59:55.576+0000] {spark_submit.py:579} INFO - 26/02/17 21:59:55 INFO DAGScheduler: Missing parents: List()
[2026-02-17T21:59:55.576+0000] {spark_submit.py:579} INFO - 26/02/17 21:59:55 INFO DAGScheduler: Submitting ResultStage 1 (MapPartitionsRDD[9] at showString at NativeMethodAccessorImpl.java:0), which has no missing parents
[2026-02-17T21:59:55.582+0000] {spark_submit.py:579} INFO - 26/02/17 21:59:55 INFO MemoryStore: Block broadcast_3 stored as values in memory (estimated size 26.0 KiB, free 433.9 MiB)
[2026-02-17T21:59:55.585+0000] {spark_submit.py:579} INFO - 26/02/17 21:59:55 INFO MemoryStore: Block broadcast_3_piece0 stored as bytes in memory (estimated size 10.7 KiB, free 433.9 MiB)
[2026-02-17T21:59:55.585+0000] {spark_submit.py:579} INFO - 26/02/17 21:59:55 INFO BlockManagerInfo: Added broadcast_3_piece0 in memory on f0c38a76dbf1:39177 (size: 10.7 KiB, free: 434.3 MiB)
[2026-02-17T21:59:55.585+0000] {spark_submit.py:579} INFO - 26/02/17 21:59:55 INFO SparkContext: Created broadcast 3 from broadcast at DAGScheduler.scala:1580
[2026-02-17T21:59:55.586+0000] {spark_submit.py:579} INFO - 26/02/17 21:59:55 INFO DAGScheduler: Submitting 1 missing tasks from ResultStage 1 (MapPartitionsRDD[9] at showString at NativeMethodAccessorImpl.java:0) (first 15 tasks are for partitions Vector(0))
[2026-02-17T21:59:55.586+0000] {spark_submit.py:579} INFO - 26/02/17 21:59:55 INFO TaskSchedulerImpl: Adding task set 1.0 with 1 tasks resource profile 0
[2026-02-17T21:59:55.587+0000] {spark_submit.py:579} INFO - 26/02/17 21:59:55 INFO TaskSetManager: Starting task 0.0 in stage 1.0 (TID 1) (172.28.0.7, executor 0, partition 0, PROCESS_LOCAL, 8982 bytes)
[2026-02-17T21:59:55.607+0000] {spark_submit.py:579} INFO - 26/02/17 21:59:55 INFO BlockManagerInfo: Added broadcast_3_piece0 in memory on 172.28.0.7:32879 (size: 10.7 KiB, free: 434.3 MiB)
[2026-02-17T21:59:55.760+0000] {spark_submit.py:579} INFO - 26/02/17 21:59:55 INFO BlockManagerInfo: Added broadcast_2_piece0 in memory on 172.28.0.7:32879 (size: 35.3 KiB, free: 434.3 MiB)
[2026-02-17T21:59:55.819+0000] {spark_submit.py:579} INFO - 26/02/17 21:59:55 INFO TaskSetManager: Finished task 0.0 in stage 1.0 (TID 1) in 232 ms on 172.28.0.7 (executor 0) (1/1)
[2026-02-17T21:59:55.819+0000] {spark_submit.py:579} INFO - 26/02/17 21:59:55 INFO TaskSchedulerImpl: Removed TaskSet 1.0, whose tasks have all completed, from pool
[2026-02-17T21:59:55.820+0000] {spark_submit.py:579} INFO - 26/02/17 21:59:55 INFO DAGScheduler: ResultStage 1 (showString at NativeMethodAccessorImpl.java:0) finished in 0.243 s
[2026-02-17T21:59:55.820+0000] {spark_submit.py:579} INFO - 26/02/17 21:59:55 INFO DAGScheduler: Job 1 is finished. Cancelling potential speculative or zombie tasks for this job
[2026-02-17T21:59:55.820+0000] {spark_submit.py:579} INFO - 26/02/17 21:59:55 INFO TaskSchedulerImpl: Killing all running tasks in stage 1: Stage finished
[2026-02-17T21:59:55.820+0000] {spark_submit.py:579} INFO - 26/02/17 21:59:55 INFO DAGScheduler: Job 1 finished: showString at NativeMethodAccessorImpl.java:0, took 0.245834 s
[2026-02-17T21:59:56.238+0000] {spark_submit.py:579} INFO - 26/02/17 21:59:56 INFO BlockManagerInfo: Removed broadcast_3_piece0 on f0c38a76dbf1:39177 in memory (size: 10.7 KiB, free: 434.3 MiB)
[2026-02-17T21:59:56.242+0000] {spark_submit.py:579} INFO - 26/02/17 21:59:56 INFO BlockManagerInfo: Removed broadcast_3_piece0 on 172.28.0.7:32879 in memory (size: 10.7 KiB, free: 434.3 MiB)
[2026-02-17T21:59:56.248+0000] {spark_submit.py:579} INFO - 26/02/17 21:59:56 INFO BlockManagerInfo: Removed broadcast_1_piece0 on f0c38a76dbf1:39177 in memory (size: 9.8 KiB, free: 434.3 MiB)
[2026-02-17T21:59:56.249+0000] {spark_submit.py:579} INFO - 26/02/17 21:59:56 INFO BlockManagerInfo: Removed broadcast_1_piece0 on 172.28.0.7:32879 in memory (size: 9.8 KiB, free: 434.3 MiB)
[2026-02-17T21:59:56.393+0000] {spark_submit.py:579} INFO - 26/02/17 21:59:56 INFO CodeGenerator: Code generated in 17.810873 ms
[2026-02-17T21:59:56.400+0000] {spark_submit.py:579} INFO - +-------------------+------------+--------------------+---------+--------------+------------------+--------------+-----------+--------------------+------------------------+----+-----+---+
[2026-02-17T21:59:56.400+0000] {spark_submit.py:579} INFO - |          timestamp|instancia_id|     nombre_servicio|protocolo|throughput_rpm|error_rate_percent|latency_p95_ms|cpu_percent|memory_usage_percent|active_connections_count|year|month|day|
[2026-02-17T21:59:56.401+0000] {spark_submit.py:579} INFO - +-------------------+------------+--------------------+---------+--------------+------------------+--------------+-----------+--------------------+------------------------+----+-----+---+
[2026-02-17T21:59:56.401+0000] {spark_submit.py:579} INFO - |2026-02-16 00:00:00|    inst_001|          Public-API|     NULL|        1624.0|            0.0245|          93.0|      40.46|               38.97|                   167.4|2026|   02| 16|
[2026-02-17T21:59:56.401+0000] {spark_submit.py:579} INFO - |2026-02-16 00:00:00|    inst_002|Transaction-Proce...|     NULL|        2341.0|            0.0463|         150.0|      29.28|               53.06|                   215.1|2026|   02| 16|
[2026-02-17T21:59:56.401+0000] {spark_submit.py:579} INFO - |2026-02-16 00:00:00|    inst_101|     Transactions-DB|     NULL|        3438.0|            0.0287|          78.0|       31.8|               31.51|                   361.8|2026|   02| 16|
[2026-02-17T21:59:56.401+0000] {spark_submit.py:579} INFO - |2026-02-16 00:00:00|    inst_004|      Mobile-Gateway|     NULL|        1158.0|            0.0161|         137.0|      39.17|               32.37|                   120.8|2026|   02| 16|
[2026-02-17T21:59:56.401+0000] {spark_submit.py:579} INFO - |2026-02-16 00:00:00|    inst_005|       Users-Service|     NULL|        2662.0|            0.0436|          71.0|      21.64|               39.71|                   284.2|2026|   02| 16|
[2026-02-17T21:59:56.401+0000] {spark_submit.py:579} INFO - +-------------------+------------+--------------------+---------+--------------+------------------+--------------+-----------+--------------------+------------------------+----+-----+---+
[2026-02-17T21:59:56.401+0000] {spark_submit.py:579} INFO - only showing top 5 rows
[2026-02-17T21:59:56.401+0000] {spark_submit.py:579} INFO - 
[2026-02-17T21:59:56.468+0000] {spark_submit.py:579} INFO - 26/02/17 21:59:56 INFO FileSourceStrategy: Pushed Filters: IsNotNull(memory_usage_percent),GreaterThanOrEqual(memory_usage_percent,0.0),LessThanOrEqual(memory_usage_percent,100.0)
[2026-02-17T21:59:56.469+0000] {spark_submit.py:579} INFO - 26/02/17 21:59:56 INFO FileSourceStrategy: Post-Scan Filters: isnotnull(memory_usage_percent#8),(memory_usage_percent#8 >= 0.0),(memory_usage_percent#8 <= 100.0)
[2026-02-17T21:59:56.582+0000] {spark_submit.py:579} INFO - 26/02/17 21:59:56 INFO CodeGenerator: Code generated in 42.191972 ms
[2026-02-17T21:59:56.585+0000] {spark_submit.py:579} INFO - 26/02/17 21:59:56 INFO MemoryStore: Block broadcast_4 stored as values in memory (estimated size 203.2 KiB, free 433.7 MiB)
[2026-02-17T21:59:56.591+0000] {spark_submit.py:579} INFO - 26/02/17 21:59:56 INFO MemoryStore: Block broadcast_4_piece0 stored as bytes in memory (estimated size 35.3 KiB, free 433.7 MiB)
[2026-02-17T21:59:56.591+0000] {spark_submit.py:579} INFO - 26/02/17 21:59:56 INFO BlockManagerInfo: Added broadcast_4_piece0 in memory on f0c38a76dbf1:39177 (size: 35.3 KiB, free: 434.3 MiB)
[2026-02-17T21:59:56.592+0000] {spark_submit.py:579} INFO - 26/02/17 21:59:56 INFO SparkContext: Created broadcast 4 from collect at /app/jobs/etl_processing.py:99
[2026-02-17T21:59:56.593+0000] {spark_submit.py:579} INFO - 26/02/17 21:59:56 INFO FileSourceScanExec: Planning scan with bin packing, max size: 8104992 bytes, open cost is considered as scanning 4194304 bytes.
[2026-02-17T21:59:56.632+0000] {spark_submit.py:579} INFO - 26/02/17 21:59:56 INFO DAGScheduler: Registering RDD 13 (collect at /app/jobs/etl_processing.py:99) as input to shuffle 0
[2026-02-17T21:59:56.636+0000] {spark_submit.py:579} INFO - 26/02/17 21:59:56 INFO DAGScheduler: Got map stage job 2 (collect at /app/jobs/etl_processing.py:99) with 2 output partitions
[2026-02-17T21:59:56.636+0000] {spark_submit.py:579} INFO - 26/02/17 21:59:56 INFO DAGScheduler: Final stage: ShuffleMapStage 2 (collect at /app/jobs/etl_processing.py:99)
[2026-02-17T21:59:56.636+0000] {spark_submit.py:579} INFO - 26/02/17 21:59:56 INFO DAGScheduler: Parents of final stage: List()
[2026-02-17T21:59:56.637+0000] {spark_submit.py:579} INFO - 26/02/17 21:59:56 INFO DAGScheduler: Missing parents: List()
[2026-02-17T21:59:56.638+0000] {spark_submit.py:579} INFO - 26/02/17 21:59:56 INFO DAGScheduler: Submitting ShuffleMapStage 2 (MapPartitionsRDD[13] at collect at /app/jobs/etl_processing.py:99), which has no missing parents
[2026-02-17T21:59:56.649+0000] {spark_submit.py:579} INFO - 26/02/17 21:59:56 INFO MemoryStore: Block broadcast_5 stored as values in memory (estimated size 46.1 KiB, free 433.7 MiB)
[2026-02-17T21:59:56.650+0000] {spark_submit.py:579} INFO - 26/02/17 21:59:56 INFO MemoryStore: Block broadcast_5_piece0 stored as bytes in memory (estimated size 20.4 KiB, free 433.6 MiB)
[2026-02-17T21:59:56.650+0000] {spark_submit.py:579} INFO - 26/02/17 21:59:56 INFO BlockManagerInfo: Added broadcast_5_piece0 in memory on f0c38a76dbf1:39177 (size: 20.4 KiB, free: 434.3 MiB)
[2026-02-17T21:59:56.651+0000] {spark_submit.py:579} INFO - 26/02/17 21:59:56 INFO SparkContext: Created broadcast 5 from broadcast at DAGScheduler.scala:1580
[2026-02-17T21:59:56.652+0000] {spark_submit.py:579} INFO - 26/02/17 21:59:56 INFO DAGScheduler: Submitting 2 missing tasks from ShuffleMapStage 2 (MapPartitionsRDD[13] at collect at /app/jobs/etl_processing.py:99) (first 15 tasks are for partitions Vector(0, 1))
[2026-02-17T21:59:56.652+0000] {spark_submit.py:579} INFO - 26/02/17 21:59:56 INFO TaskSchedulerImpl: Adding task set 2.0 with 2 tasks resource profile 0
[2026-02-17T21:59:56.654+0000] {spark_submit.py:579} INFO - 26/02/17 21:59:56 INFO TaskSetManager: Starting task 0.0 in stage 2.0 (TID 2) (172.28.0.7, executor 0, partition 0, PROCESS_LOCAL, 8971 bytes)
[2026-02-17T21:59:56.670+0000] {spark_submit.py:579} INFO - 26/02/17 21:59:56 INFO BlockManagerInfo: Added broadcast_5_piece0 in memory on 172.28.0.7:32879 (size: 20.4 KiB, free: 434.3 MiB)
[2026-02-17T21:59:56.917+0000] {spark_submit.py:579} INFO - 26/02/17 21:59:56 INFO BlockManagerInfo: Added broadcast_4_piece0 in memory on 172.28.0.7:32879 (size: 35.3 KiB, free: 434.3 MiB)
[2026-02-17T21:59:57.480+0000] {spark_submit.py:579} INFO - 26/02/17 21:59:57 INFO TaskSetManager: Starting task 1.0 in stage 2.0 (TID 3) (172.28.0.7, executor 0, partition 1, PROCESS_LOCAL, 8971 bytes)
[2026-02-17T21:59:57.482+0000] {spark_submit.py:579} INFO - 26/02/17 21:59:57 INFO TaskSetManager: Finished task 0.0 in stage 2.0 (TID 2) in 829 ms on 172.28.0.7 (executor 0) (1/2)
[2026-02-17T21:59:57.587+0000] {spark_submit.py:579} INFO - 26/02/17 21:59:57 INFO TaskSetManager: Finished task 1.0 in stage 2.0 (TID 3) in 107 ms on 172.28.0.7 (executor 0) (2/2)
[2026-02-17T21:59:57.587+0000] {spark_submit.py:579} INFO - 26/02/17 21:59:57 INFO TaskSchedulerImpl: Removed TaskSet 2.0, whose tasks have all completed, from pool
[2026-02-17T21:59:57.588+0000] {spark_submit.py:579} INFO - 26/02/17 21:59:57 INFO DAGScheduler: ShuffleMapStage 2 (collect at /app/jobs/etl_processing.py:99) finished in 0.947 s
[2026-02-17T21:59:57.588+0000] {spark_submit.py:579} INFO - 26/02/17 21:59:57 INFO DAGScheduler: looking for newly runnable stages
[2026-02-17T21:59:57.588+0000] {spark_submit.py:579} INFO - 26/02/17 21:59:57 INFO DAGScheduler: running: Set()
[2026-02-17T21:59:57.589+0000] {spark_submit.py:579} INFO - 26/02/17 21:59:57 INFO DAGScheduler: waiting: Set()
[2026-02-17T21:59:57.589+0000] {spark_submit.py:579} INFO - 26/02/17 21:59:57 INFO DAGScheduler: failed: Set()
[2026-02-17T21:59:57.608+0000] {spark_submit.py:579} INFO - 26/02/17 21:59:57 INFO ShufflePartitionsUtil: For shuffle(0), advisory target size: 67108864, actual target size 1048576, minimum partition size: 1048576
[2026-02-17T21:59:57.650+0000] {spark_submit.py:579} INFO - 26/02/17 21:59:57 INFO CodeGenerator: Code generated in 25.264024 ms
[2026-02-17T21:59:57.680+0000] {spark_submit.py:579} INFO - 26/02/17 21:59:57 INFO SparkContext: Starting job: collect at /app/jobs/etl_processing.py:99
[2026-02-17T21:59:57.682+0000] {spark_submit.py:579} INFO - 26/02/17 21:59:57 INFO DAGScheduler: Got job 3 (collect at /app/jobs/etl_processing.py:99) with 1 output partitions
[2026-02-17T21:59:57.682+0000] {spark_submit.py:579} INFO - 26/02/17 21:59:57 INFO DAGScheduler: Final stage: ResultStage 4 (collect at /app/jobs/etl_processing.py:99)
[2026-02-17T21:59:57.682+0000] {spark_submit.py:579} INFO - 26/02/17 21:59:57 INFO DAGScheduler: Parents of final stage: List(ShuffleMapStage 3)
[2026-02-17T21:59:57.682+0000] {spark_submit.py:579} INFO - 26/02/17 21:59:57 INFO DAGScheduler: Missing parents: List()
[2026-02-17T21:59:57.683+0000] {spark_submit.py:579} INFO - 26/02/17 21:59:57 INFO DAGScheduler: Submitting ResultStage 4 (MapPartitionsRDD[16] at collect at /app/jobs/etl_processing.py:99), which has no missing parents
[2026-02-17T21:59:57.694+0000] {spark_submit.py:579} INFO - 26/02/17 21:59:57 INFO MemoryStore: Block broadcast_6 stored as values in memory (estimated size 50.4 KiB, free 433.6 MiB)
[2026-02-17T21:59:57.696+0000] {spark_submit.py:579} INFO - 26/02/17 21:59:57 INFO MemoryStore: Block broadcast_6_piece0 stored as bytes in memory (estimated size 22.3 KiB, free 433.6 MiB)
[2026-02-17T21:59:57.696+0000] {spark_submit.py:579} INFO - 26/02/17 21:59:57 INFO BlockManagerInfo: Added broadcast_6_piece0 in memory on f0c38a76dbf1:39177 (size: 22.3 KiB, free: 434.3 MiB)
[2026-02-17T21:59:57.696+0000] {spark_submit.py:579} INFO - 26/02/17 21:59:57 INFO SparkContext: Created broadcast 6 from broadcast at DAGScheduler.scala:1580
[2026-02-17T21:59:57.697+0000] {spark_submit.py:579} INFO - 26/02/17 21:59:57 INFO DAGScheduler: Submitting 1 missing tasks from ResultStage 4 (MapPartitionsRDD[16] at collect at /app/jobs/etl_processing.py:99) (first 15 tasks are for partitions Vector(0))
[2026-02-17T21:59:57.697+0000] {spark_submit.py:579} INFO - 26/02/17 21:59:57 INFO TaskSchedulerImpl: Adding task set 4.0 with 1 tasks resource profile 0
[2026-02-17T21:59:57.701+0000] {spark_submit.py:579} INFO - 26/02/17 21:59:57 INFO TaskSetManager: Starting task 0.0 in stage 4.0 (TID 4) (172.28.0.7, executor 0, partition 0, NODE_LOCAL, 8349 bytes)
[2026-02-17T21:59:57.718+0000] {spark_submit.py:579} INFO - 26/02/17 21:59:57 INFO BlockManagerInfo: Added broadcast_6_piece0 in memory on 172.28.0.7:32879 (size: 22.3 KiB, free: 434.3 MiB)
[2026-02-17T21:59:57.753+0000] {spark_submit.py:579} INFO - 26/02/17 21:59:57 INFO MapOutputTrackerMasterEndpoint: Asked to send map output locations for shuffle 0 to 172.28.0.7:33388
[2026-02-17T21:59:57.891+0000] {spark_submit.py:579} INFO - 26/02/17 21:59:57 INFO TaskSetManager: Finished task 0.0 in stage 4.0 (TID 4) in 191 ms on 172.28.0.7 (executor 0) (1/1)
[2026-02-17T21:59:57.892+0000] {spark_submit.py:579} INFO - 26/02/17 21:59:57 INFO TaskSchedulerImpl: Removed TaskSet 4.0, whose tasks have all completed, from pool
[2026-02-17T21:59:57.892+0000] {spark_submit.py:579} INFO - 26/02/17 21:59:57 INFO DAGScheduler: ResultStage 4 (collect at /app/jobs/etl_processing.py:99) finished in 0.200 s
[2026-02-17T21:59:57.893+0000] {spark_submit.py:579} INFO - 26/02/17 21:59:57 INFO DAGScheduler: Job 3 is finished. Cancelling potential speculative or zombie tasks for this job
[2026-02-17T21:59:57.893+0000] {spark_submit.py:579} INFO - 26/02/17 21:59:57 INFO TaskSchedulerImpl: Killing all running tasks in stage 4: Stage finished
[2026-02-17T21:59:57.893+0000] {spark_submit.py:579} INFO - 26/02/17 21:59:57 INFO DAGScheduler: Job 3 finished: collect at /app/jobs/etl_processing.py:99, took 0.212476 s
[2026-02-17T21:59:57.908+0000] {spark_submit.py:579} INFO - --- Escribiendo partición 2026/02/16 en s3a://processed-data/2026/02/16/ ---
[2026-02-17T21:59:58.034+0000] {spark_submit.py:579} INFO - 26/02/17 21:59:58 INFO FileSourceStrategy: Pushed Filters: IsNotNull(memory_usage_percent),IsNotNull(timestamp),GreaterThanOrEqual(memory_usage_percent,0.0),LessThanOrEqual(memory_usage_percent,100.0)
[2026-02-17T21:59:58.035+0000] {spark_submit.py:579} INFO - 26/02/17 21:59:58 INFO FileSourceStrategy: Post-Scan Filters: isnotnull(memory_usage_percent#8),isnotnull(timestamp#0),(memory_usage_percent#8 >= 0.0),(memory_usage_percent#8 <= 100.0),(date_format(cast(timestamp#0 as timestamp), yyyy, Some(Etc/UTC)) = 2026),(date_format(cast(timestamp#0 as timestamp), MM, Some(Etc/UTC)) = 02),(date_format(cast(timestamp#0 as timestamp), dd, Some(Etc/UTC)) = 16)
[2026-02-17T21:59:58.076+0000] {spark_submit.py:579} INFO - 26/02/17 21:59:58 INFO ParquetUtils: Using default output committer for Parquet: org.apache.parquet.hadoop.ParquetOutputCommitter
[2026-02-17T21:59:58.089+0000] {spark_submit.py:579} INFO - 26/02/17 21:59:58 INFO FileOutputCommitter: File Output Committer Algorithm version is 1
[2026-02-17T21:59:58.090+0000] {spark_submit.py:579} INFO - 26/02/17 21:59:58 INFO FileOutputCommitter: FileOutputCommitter skip cleanup _temporary folders under output directory:false, ignore cleanup failures: false
[2026-02-17T21:59:58.090+0000] {spark_submit.py:579} INFO - 26/02/17 21:59:58 INFO SQLHadoopMapReduceCommitProtocol: Using user defined output committer class org.apache.parquet.hadoop.ParquetOutputCommitter
[2026-02-17T21:59:58.090+0000] {spark_submit.py:579} INFO - 26/02/17 21:59:58 INFO FileOutputCommitter: File Output Committer Algorithm version is 1
[2026-02-17T21:59:58.090+0000] {spark_submit.py:579} INFO - 26/02/17 21:59:58 INFO FileOutputCommitter: FileOutputCommitter skip cleanup _temporary folders under output directory:false, ignore cleanup failures: false
[2026-02-17T21:59:58.091+0000] {spark_submit.py:579} INFO - 26/02/17 21:59:58 INFO SQLHadoopMapReduceCommitProtocol: Using output committer class org.apache.parquet.hadoop.ParquetOutputCommitter
[2026-02-17T21:59:58.287+0000] {spark_submit.py:579} INFO - 26/02/17 21:59:58 INFO CodeGenerator: Code generated in 30.733968 ms
[2026-02-17T21:59:58.291+0000] {spark_submit.py:579} INFO - 26/02/17 21:59:58 INFO MemoryStore: Block broadcast_7 stored as values in memory (estimated size 203.2 KiB, free 433.4 MiB)
[2026-02-17T21:59:58.302+0000] {spark_submit.py:579} INFO - 26/02/17 21:59:58 INFO MemoryStore: Block broadcast_7_piece0 stored as bytes in memory (estimated size 35.3 KiB, free 433.3 MiB)
[2026-02-17T21:59:58.303+0000] {spark_submit.py:579} INFO - 26/02/17 21:59:58 INFO BlockManagerInfo: Added broadcast_7_piece0 in memory on f0c38a76dbf1:39177 (size: 35.3 KiB, free: 434.2 MiB)
[2026-02-17T21:59:58.304+0000] {spark_submit.py:579} INFO - 26/02/17 21:59:58 INFO SparkContext: Created broadcast 7 from parquet at NativeMethodAccessorImpl.java:0
[2026-02-17T21:59:58.305+0000] {spark_submit.py:579} INFO - 26/02/17 21:59:58 INFO FileSourceScanExec: Planning scan with bin packing, max size: 8104992 bytes, open cost is considered as scanning 4194304 bytes.
[2026-02-17T21:59:58.317+0000] {spark_submit.py:579} INFO - 26/02/17 21:59:58 INFO SparkContext: Starting job: parquet at NativeMethodAccessorImpl.java:0
[2026-02-17T21:59:58.318+0000] {spark_submit.py:579} INFO - 26/02/17 21:59:58 INFO DAGScheduler: Got job 4 (parquet at NativeMethodAccessorImpl.java:0) with 2 output partitions
[2026-02-17T21:59:58.318+0000] {spark_submit.py:579} INFO - 26/02/17 21:59:58 INFO DAGScheduler: Final stage: ResultStage 5 (parquet at NativeMethodAccessorImpl.java:0)
[2026-02-17T21:59:58.318+0000] {spark_submit.py:579} INFO - 26/02/17 21:59:58 INFO DAGScheduler: Parents of final stage: List()
[2026-02-17T21:59:58.318+0000] {spark_submit.py:579} INFO - 26/02/17 21:59:58 INFO DAGScheduler: Missing parents: List()
[2026-02-17T21:59:58.319+0000] {spark_submit.py:579} INFO - 26/02/17 21:59:58 INFO DAGScheduler: Submitting ResultStage 5 (MapPartitionsRDD[20] at parquet at NativeMethodAccessorImpl.java:0), which has no missing parents
[2026-02-17T21:59:58.346+0000] {spark_submit.py:579} INFO - 26/02/17 21:59:58 INFO MemoryStore: Block broadcast_8 stored as values in memory (estimated size 233.4 KiB, free 433.1 MiB)
[2026-02-17T21:59:58.350+0000] {spark_submit.py:579} INFO - 26/02/17 21:59:58 INFO MemoryStore: Block broadcast_8_piece0 stored as bytes in memory (estimated size 84.2 KiB, free 433.0 MiB)
[2026-02-17T21:59:58.351+0000] {spark_submit.py:579} INFO - 26/02/17 21:59:58 INFO BlockManagerInfo: Added broadcast_8_piece0 in memory on f0c38a76dbf1:39177 (size: 84.2 KiB, free: 434.1 MiB)
[2026-02-17T21:59:58.351+0000] {spark_submit.py:579} INFO - 26/02/17 21:59:58 INFO SparkContext: Created broadcast 8 from broadcast at DAGScheduler.scala:1580
[2026-02-17T21:59:58.352+0000] {spark_submit.py:579} INFO - 26/02/17 21:59:58 INFO DAGScheduler: Submitting 2 missing tasks from ResultStage 5 (MapPartitionsRDD[20] at parquet at NativeMethodAccessorImpl.java:0) (first 15 tasks are for partitions Vector(0, 1))
[2026-02-17T21:59:58.352+0000] {spark_submit.py:579} INFO - 26/02/17 21:59:58 INFO TaskSchedulerImpl: Adding task set 5.0 with 2 tasks resource profile 0
[2026-02-17T21:59:58.353+0000] {spark_submit.py:579} INFO - 26/02/17 21:59:58 INFO TaskSetManager: Starting task 0.0 in stage 5.0 (TID 5) (172.28.0.7, executor 0, partition 0, PROCESS_LOCAL, 8982 bytes)
[2026-02-17T21:59:58.369+0000] {spark_submit.py:579} INFO - 26/02/17 21:59:58 INFO BlockManagerInfo: Added broadcast_8_piece0 in memory on 172.28.0.7:32879 (size: 84.2 KiB, free: 434.2 MiB)
[2026-02-17T21:59:58.872+0000] {spark_submit.py:579} INFO - 26/02/17 21:59:58 INFO BlockManagerInfo: Added broadcast_7_piece0 in memory on 172.28.0.7:32879 (size: 35.3 KiB, free: 434.1 MiB)
[2026-02-17T22:00:00.048+0000] {spark_submit.py:579} INFO - 26/02/17 22:00:00 INFO TaskSetManager: Starting task 1.0 in stage 5.0 (TID 6) (172.28.0.7, executor 0, partition 1, PROCESS_LOCAL, 8982 bytes)
[2026-02-17T22:00:00.053+0000] {spark_submit.py:579} INFO - 26/02/17 22:00:00 INFO TaskSetManager: Finished task 0.0 in stage 5.0 (TID 5) in 1699 ms on 172.28.0.7 (executor 0) (1/2)
[2026-02-17T22:00:00.350+0000] {spark_submit.py:579} INFO - 26/02/17 22:00:00 INFO TaskSetManager: Finished task 1.0 in stage 5.0 (TID 6) in 303 ms on 172.28.0.7 (executor 0) (2/2)
[2026-02-17T22:00:00.350+0000] {spark_submit.py:579} INFO - 26/02/17 22:00:00 INFO TaskSchedulerImpl: Removed TaskSet 5.0, whose tasks have all completed, from pool
[2026-02-17T22:00:00.351+0000] {spark_submit.py:579} INFO - 26/02/17 22:00:00 INFO DAGScheduler: ResultStage 5 (parquet at NativeMethodAccessorImpl.java:0) finished in 2.030 s
[2026-02-17T22:00:00.351+0000] {spark_submit.py:579} INFO - 26/02/17 22:00:00 INFO DAGScheduler: Job 4 is finished. Cancelling potential speculative or zombie tasks for this job
[2026-02-17T22:00:00.351+0000] {spark_submit.py:579} INFO - 26/02/17 22:00:00 INFO TaskSchedulerImpl: Killing all running tasks in stage 5: Stage finished
[2026-02-17T22:00:00.351+0000] {spark_submit.py:579} INFO - 26/02/17 22:00:00 INFO DAGScheduler: Job 4 finished: parquet at NativeMethodAccessorImpl.java:0, took 2.034296 s
[2026-02-17T22:00:00.353+0000] {spark_submit.py:579} INFO - 26/02/17 22:00:00 INFO FileFormatWriter: Start to commit write Job 1844d7d5-4896-4547-b950-f0c37c9fe2eb.
[2026-02-17T22:00:00.576+0000] {spark_submit.py:579} INFO - 26/02/17 22:00:00 INFO FileFormatWriter: Write Job 1844d7d5-4896-4547-b950-f0c37c9fe2eb committed. Elapsed time: 222 ms.
[2026-02-17T22:00:00.579+0000] {spark_submit.py:579} INFO - 26/02/17 22:00:00 INFO FileFormatWriter: Finished processing stats for write job 1844d7d5-4896-4547-b950-f0c37c9fe2eb.
[2026-02-17T22:00:00.582+0000] {spark_submit.py:579} INFO - --- Proceso ETL finalizado exitosamente ---
[2026-02-17T22:00:00.583+0000] {spark_submit.py:579} INFO - 26/02/17 22:00:00 INFO SparkContext: SparkContext is stopping with exitCode 0.
[2026-02-17T22:00:00.593+0000] {spark_submit.py:579} INFO - 26/02/17 22:00:00 INFO SparkUI: Stopped Spark web UI at http://f0c38a76dbf1:4040
[2026-02-17T22:00:00.597+0000] {spark_submit.py:579} INFO - 26/02/17 22:00:00 INFO StandaloneSchedulerBackend: Shutting down all executors
[2026-02-17T22:00:00.598+0000] {spark_submit.py:579} INFO - 26/02/17 22:00:00 INFO StandaloneSchedulerBackend$StandaloneDriverEndpoint: Asking each executor to shut down
[2026-02-17T22:00:00.613+0000] {spark_submit.py:579} INFO - 26/02/17 22:00:00 INFO MapOutputTrackerMasterEndpoint: MapOutputTrackerMasterEndpoint stopped!
[2026-02-17T22:00:00.635+0000] {spark_submit.py:579} INFO - 26/02/17 22:00:00 INFO MemoryStore: MemoryStore cleared
[2026-02-17T22:00:00.635+0000] {spark_submit.py:579} INFO - 26/02/17 22:00:00 INFO BlockManager: BlockManager stopped
[2026-02-17T22:00:00.639+0000] {spark_submit.py:579} INFO - 26/02/17 22:00:00 INFO BlockManagerMaster: BlockManagerMaster stopped
[2026-02-17T22:00:00.642+0000] {spark_submit.py:579} INFO - 26/02/17 22:00:00 INFO OutputCommitCoordinator$OutputCommitCoordinatorEndpoint: OutputCommitCoordinator stopped!
[2026-02-17T22:00:00.689+0000] {spark_submit.py:579} INFO - 26/02/17 22:00:00 INFO SparkContext: Successfully stopped SparkContext
[2026-02-17T22:00:00.974+0000] {spark_submit.py:579} INFO - 26/02/17 22:00:00 INFO ShutdownHookManager: Shutdown hook called
[2026-02-17T22:00:00.974+0000] {spark_submit.py:579} INFO - 26/02/17 22:00:00 INFO ShutdownHookManager: Deleting directory /tmp/spark-5b0da033-71ec-4a12-a41a-02acfa6f2f87
[2026-02-17T22:00:00.978+0000] {spark_submit.py:579} INFO - 26/02/17 22:00:00 INFO ShutdownHookManager: Deleting directory /tmp/spark-9db558b1-301b-462f-8c68-07e3d2b2e215
[2026-02-17T22:00:00.982+0000] {spark_submit.py:579} INFO - 26/02/17 22:00:00 INFO ShutdownHookManager: Deleting directory /tmp/spark-9db558b1-301b-462f-8c68-07e3d2b2e215/pyspark-3a6f3b02-d582-4a30-9e66-bdb61330a797
[2026-02-17T22:00:00.990+0000] {spark_submit.py:579} INFO - 26/02/17 22:00:00 INFO MetricsSystemImpl: Stopping s3a-file-system metrics system...
[2026-02-17T22:00:00.990+0000] {spark_submit.py:579} INFO - 26/02/17 22:00:00 INFO MetricsSystemImpl: s3a-file-system metrics system stopped.
[2026-02-17T22:00:00.990+0000] {spark_submit.py:579} INFO - 26/02/17 22:00:00 INFO MetricsSystemImpl: s3a-file-system metrics system shutdown complete.
[2026-02-17T22:00:01.086+0000] {taskinstance.py:1398} INFO - Marking task as SUCCESS. dag_id=sentinel_etl_pipeline, task_id=process_data_spark, execution_date=20260216T000000, start_date=20260217T215907, end_date=20260217T220001
[2026-02-17T22:00:01.133+0000] {local_task_job_runner.py:228} INFO - Task exited with return code 0
[2026-02-17T22:00:01.142+0000] {taskinstance.py:2776} INFO - 0 downstream tasks scheduled from follow-on schedule check
