[2026-02-17T21:42:08.753+0000] {taskinstance.py:1157} INFO - Dependencies all met for dep_context=non-requeueable deps ti=<TaskInstance: sentinel_etl_pipeline.process_data_spark scheduled__2026-02-16T00:00:00+00:00 [queued]>
[2026-02-17T21:42:08.760+0000] {taskinstance.py:1157} INFO - Dependencies all met for dep_context=requeueable deps ti=<TaskInstance: sentinel_etl_pipeline.process_data_spark scheduled__2026-02-16T00:00:00+00:00 [queued]>
[2026-02-17T21:42:08.760+0000] {taskinstance.py:1359} INFO - Starting attempt 2 of 2
[2026-02-17T21:42:08.775+0000] {taskinstance.py:1380} INFO - Executing <Task(SparkSubmitOperator): process_data_spark> on 2026-02-16 00:00:00+00:00
[2026-02-17T21:42:08.782+0000] {standard_task_runner.py:57} INFO - Started process 272 to run task
[2026-02-17T21:42:08.787+0000] {standard_task_runner.py:84} INFO - Running: ['airflow', 'tasks', 'run', 'sentinel_etl_pipeline', 'process_data_spark', 'scheduled__2026-02-16T00:00:00+00:00', '--job-id', '15', '--raw', '--subdir', 'DAGS_FOLDER/sentinel_pipeline.py', '--cfg-path', '/tmp/tmptaatw1nb']
[2026-02-17T21:42:08.789+0000] {standard_task_runner.py:85} INFO - Job 15: Subtask process_data_spark
[2026-02-17T21:42:08.830+0000] {task_command.py:415} INFO - Running <TaskInstance: sentinel_etl_pipeline.process_data_spark scheduled__2026-02-16T00:00:00+00:00 [running]> on host 51c8c5846338
[2026-02-17T21:42:08.895+0000] {taskinstance.py:1660} INFO - Exporting env vars: AIRFLOW_CTX_DAG_OWNER='SentinelDataEngineer' AIRFLOW_CTX_DAG_ID='sentinel_etl_pipeline' AIRFLOW_CTX_TASK_ID='process_data_spark' AIRFLOW_CTX_EXECUTION_DATE='2026-02-16T00:00:00+00:00' AIRFLOW_CTX_TRY_NUMBER='2' AIRFLOW_CTX_DAG_RUN_ID='scheduled__2026-02-16T00:00:00+00:00'
[2026-02-17T21:42:08.911+0000] {base.py:73} INFO - Using connection ID 'spark_default' for task execution.
[2026-02-17T21:42:08.915+0000] {spark_submit.py:403} INFO - Spark-Submit cmd: spark-submit --master spark://spark-master:7077 --conf spark.hadoop.fs.s3a.endpoint=http://minio:9000 --conf spark.hadoop.fs.s3a.access.key=minioadmin --conf spark.hadoop.fs.s3a.secret.key=****** --conf spark.hadoop.fs.s3a.path.style.access=true --conf spark.hadoop.fs.s3a.impl=org.apache.hadoop.fs.s3a.S3AFileSystem --conf spark.hadoop.fs.s3a.connection.ssl.enabled=false --packages org.apache.hadoop:hadoop-aws:3.3.4 --name arrow-spark --verbose --deploy-mode client /app/jobs/etl_processing.py
[2026-02-17T21:42:09.144+0000] {spark_submit.py:579} INFO - /home/airflow/.local/lib/python3.8/site-packages/pyspark/bin/load-spark-env.sh: line 68: ps: command not found
[2026-02-17T21:42:09.145+0000] {spark_submit.py:579} INFO - JAVA_HOME is not set
[2026-02-17T21:42:09.154+0000] {taskinstance.py:1935} ERROR - Task failed with exception
Traceback (most recent call last):
  File "/home/airflow/.local/lib/python3.8/site-packages/airflow/providers/apache/spark/operators/spark_submit.py", line 174, in execute
    self._hook.submit(self.application)
  File "/home/airflow/.local/lib/python3.8/site-packages/airflow/providers/apache/spark/hooks/spark_submit.py", line 505, in submit
    raise AirflowException(
airflow.exceptions.AirflowException: Cannot execute: spark-submit --master spark://spark-master:7077 --conf spark.hadoop.fs.s3a.endpoint=http://minio:9000 --conf spark.hadoop.fs.s3a.access.key=minioadmin --conf spark.hadoop.fs.s3a.secret.key=****** --conf spark.hadoop.fs.s3a.path.style.access=true --conf spark.hadoop.fs.s3a.impl=org.apache.hadoop.fs.s3a.S3AFileSystem --conf spark.hadoop.fs.s3a.connection.ssl.enabled=false --packages org.apache.hadoop:hadoop-aws:3.3.4 --name arrow-spark --verbose --deploy-mode client /app/jobs/etl_processing.py. Error code is: 1.
[2026-02-17T21:42:09.158+0000] {taskinstance.py:1398} INFO - Marking task as FAILED. dag_id=sentinel_etl_pipeline, task_id=process_data_spark, execution_date=20260216T000000, start_date=20260217T214208, end_date=20260217T214209
[2026-02-17T21:42:09.170+0000] {standard_task_runner.py:104} ERROR - Failed to execute job 15 for task process_data_spark (Cannot execute: spark-submit --master spark://spark-master:7077 --conf spark.hadoop.fs.s3a.endpoint=http://minio:9000 --conf spark.hadoop.fs.s3a.access.key=minioadmin --conf spark.hadoop.fs.s3a.secret.key=****** --conf spark.hadoop.fs.s3a.path.style.access=true --conf spark.hadoop.fs.s3a.impl=org.apache.hadoop.fs.s3a.S3AFileSystem --conf spark.hadoop.fs.s3a.connection.ssl.enabled=false --packages org.apache.hadoop:hadoop-aws:3.3.4 --name arrow-spark --verbose --deploy-mode client /app/jobs/etl_processing.py. Error code is: 1.; 272)
[2026-02-17T21:42:09.200+0000] {local_task_job_runner.py:228} INFO - Task exited with return code 1
[2026-02-17T21:42:09.217+0000] {taskinstance.py:2776} INFO - 0 downstream tasks scheduled from follow-on schedule check
