[2026-02-17T21:12:06.212+0000] {taskinstance.py:1157} INFO - Dependencies all met for dep_context=non-requeueable deps ti=<TaskInstance: sentinel_etl_pipeline.wait_for_raw_data scheduled__2026-02-16T00:00:00+00:00 [queued]>
[2026-02-17T21:12:06.221+0000] {taskinstance.py:1157} INFO - Dependencies all met for dep_context=requeueable deps ti=<TaskInstance: sentinel_etl_pipeline.wait_for_raw_data scheduled__2026-02-16T00:00:00+00:00 [queued]>
[2026-02-17T21:12:06.221+0000] {taskinstance.py:1359} INFO - Starting attempt 2 of 2
[2026-02-17T21:12:06.237+0000] {taskinstance.py:1380} INFO - Executing <Task(S3KeySensor): wait_for_raw_data> on 2026-02-16 00:00:00+00:00
[2026-02-17T21:12:06.245+0000] {standard_task_runner.py:57} INFO - Started process 105 to run task
[2026-02-17T21:12:06.251+0000] {standard_task_runner.py:84} INFO - Running: ['airflow', 'tasks', 'run', 'sentinel_etl_pipeline', 'wait_for_raw_data', 'scheduled__2026-02-16T00:00:00+00:00', '--job-id', '12', '--raw', '--subdir', 'DAGS_FOLDER/sentinel_pipeline.py', '--cfg-path', '/tmp/tmp_ryibrmr']
[2026-02-17T21:12:06.254+0000] {standard_task_runner.py:85} INFO - Job 12: Subtask wait_for_raw_data
[2026-02-17T21:12:06.308+0000] {task_command.py:415} INFO - Running <TaskInstance: sentinel_etl_pipeline.wait_for_raw_data scheduled__2026-02-16T00:00:00+00:00 [running]> on host 51c8c5846338
[2026-02-17T21:12:06.361+0000] {logging_mixin.py:151} WARNING - /home/airflow/.local/lib/python3.8/site-packages/airflow/utils/context.py:206 AirflowContextDeprecationWarning: Accessing 'execution_date' from the template is deprecated and will be removed in a future version. Please use 'data_interval_start' or 'logical_date' instead.
[2026-02-17T21:12:06.392+0000] {taskinstance.py:1660} INFO - Exporting env vars: AIRFLOW_CTX_DAG_OWNER='SentinelDataEngineer' AIRFLOW_CTX_DAG_ID='sentinel_etl_pipeline' AIRFLOW_CTX_TASK_ID='wait_for_raw_data' AIRFLOW_CTX_EXECUTION_DATE='2026-02-16T00:00:00+00:00' AIRFLOW_CTX_TRY_NUMBER='2' AIRFLOW_CTX_DAG_RUN_ID='scheduled__2026-02-16T00:00:00+00:00'
[2026-02-17T21:12:06.399+0000] {taskinstance.py:1935} ERROR - Task failed with exception
Traceback (most recent call last):
  File "/home/airflow/.local/lib/python3.8/site-packages/airflow/providers/amazon/aws/sensors/s3.py", line 144, in execute
    super().execute(context)
  File "/home/airflow/.local/lib/python3.8/site-packages/airflow/sensors/base.py", line 257, in execute
    raise e
  File "/home/airflow/.local/lib/python3.8/site-packages/airflow/sensors/base.py", line 239, in execute
    poke_return = self.poke(context)
  File "/home/airflow/.local/lib/python3.8/site-packages/airflow/providers/amazon/aws/sensors/s3.py", line 137, in poke
    return self._check_key(self.bucket_key)
  File "/home/airflow/.local/lib/python3.8/site-packages/airflow/providers/amazon/aws/sensors/s3.py", line 105, in _check_key
    bucket_name, key = S3Hook.get_s3_bucket_key(self.bucket_name, key, "bucket_name", "bucket_key")
  File "/home/airflow/.local/lib/python3.8/site-packages/airflow/providers/amazon/aws/hooks/s3.py", line 260, in get_s3_bucket_key
    return S3Hook.parse_s3_url(key)
  File "/home/airflow/.local/lib/python3.8/site-packages/airflow/providers/amazon/aws/hooks/s3.py", line 236, in parse_s3_url
    raise S3HookUriParseFailure(
airflow.providers.amazon.aws.exceptions.S3HookUriParseFailure: Please provide a bucket name using a valid format of the form: S3://bucket-name/key-name or https://bucket-name.s3.region-code.amazonaws.com/key-name but provided: "raw-data/2026/02/16/*.ndjson"
[2026-02-17T21:12:06.403+0000] {taskinstance.py:1398} INFO - Marking task as FAILED. dag_id=sentinel_etl_pipeline, task_id=wait_for_raw_data, execution_date=20260216T000000, start_date=20260217T211206, end_date=20260217T211206
[2026-02-17T21:12:06.415+0000] {standard_task_runner.py:104} ERROR - Failed to execute job 12 for task wait_for_raw_data (Please provide a bucket name using a valid format of the form: S3://bucket-name/key-name or https://bucket-name.s3.region-code.amazonaws.com/key-name but provided: "raw-data/2026/02/16/*.ndjson"; 105)
[2026-02-17T21:12:06.462+0000] {local_task_job_runner.py:228} INFO - Task exited with return code 1
[2026-02-17T21:12:06.500+0000] {taskinstance.py:2776} INFO - 0 downstream tasks scheduled from follow-on schedule check
