[2025-12-21T21:39:37.149+0000] {processor.py:157} INFO - Started process (PID=42) to work on /opt/airflow/dags/ingestion_sensor_dag.py
[2025-12-21T21:39:37.149+0000] {processor.py:829} INFO - Processing file /opt/airflow/dags/ingestion_sensor_dag.py for tasks to queue
[2025-12-21T21:39:37.150+0000] {logging_mixin.py:151} INFO - [2025-12-21T21:39:37.150+0000] {dagbag.py:539} INFO - Filling up the DagBag from /opt/airflow/dags/ingestion_sensor_dag.py
[2025-12-21T21:39:37.164+0000] {processor.py:839} INFO - DAG(s) dict_keys(['procesamiento_pasivo_sensor']) retrieved from /opt/airflow/dags/ingestion_sensor_dag.py
[2025-12-21T21:39:37.333+0000] {logging_mixin.py:151} INFO - [2025-12-21T21:39:37.333+0000] {manager.py:499} INFO - Created Permission View: %s
[2025-12-21T21:39:37.342+0000] {logging_mixin.py:151} INFO - [2025-12-21T21:39:37.342+0000] {manager.py:499} INFO - Created Permission View: %s
[2025-12-21T21:39:37.347+0000] {logging_mixin.py:151} INFO - [2025-12-21T21:39:37.347+0000] {manager.py:499} INFO - Created Permission View: %s
[2025-12-21T21:39:37.347+0000] {logging_mixin.py:151} INFO - [2025-12-21T21:39:37.347+0000] {security.py:708} INFO - Not syncing DAG-level permissions for DAG 'DAG:procesamiento_pasivo_sensor' as access control is unset.
[2025-12-21T21:39:37.348+0000] {logging_mixin.py:151} INFO - [2025-12-21T21:39:37.347+0000] {dag.py:2915} INFO - Sync 1 DAGs
[2025-12-21T21:39:37.358+0000] {logging_mixin.py:151} INFO - [2025-12-21T21:39:37.358+0000] {dag.py:2937} INFO - Creating ORM DAG for procesamiento_pasivo_sensor
[2025-12-21T21:39:37.489+0000] {logging_mixin.py:151} INFO - [2025-12-21T21:39:37.489+0000] {dag.py:3696} INFO - Setting next_dagrun for procesamiento_pasivo_sensor to 2025-12-21T21:34:37.489208+00:00, run_after=2025-12-21T21:39:37.489208+00:00
[2025-12-21T21:39:37.533+0000] {processor.py:179} INFO - Processing /opt/airflow/dags/ingestion_sensor_dag.py took 0.387 seconds
[2025-12-21T21:40:08.463+0000] {processor.py:157} INFO - Started process (PID=43) to work on /opt/airflow/dags/ingestion_sensor_dag.py
[2025-12-21T21:40:08.465+0000] {processor.py:829} INFO - Processing file /opt/airflow/dags/ingestion_sensor_dag.py for tasks to queue
[2025-12-21T21:40:08.466+0000] {logging_mixin.py:151} INFO - [2025-12-21T21:40:08.466+0000] {dagbag.py:539} INFO - Filling up the DagBag from /opt/airflow/dags/ingestion_sensor_dag.py
[2025-12-21T21:40:08.487+0000] {processor.py:839} INFO - DAG(s) dict_keys(['procesamiento_pasivo_sensor']) retrieved from /opt/airflow/dags/ingestion_sensor_dag.py
[2025-12-21T21:40:08.539+0000] {logging_mixin.py:151} INFO - [2025-12-21T21:40:08.539+0000] {dag.py:2915} INFO - Sync 1 DAGs
[2025-12-21T21:40:08.585+0000] {logging_mixin.py:151} INFO - [2025-12-21T21:40:08.585+0000] {dag.py:3696} INFO - Setting next_dagrun for procesamiento_pasivo_sensor to 2025-12-21T21:35:08.584684+00:00, run_after=2025-12-21T21:40:08.584684+00:00
[2025-12-21T21:40:08.625+0000] {processor.py:179} INFO - Processing /opt/airflow/dags/ingestion_sensor_dag.py took 0.169 seconds
[2025-12-21T21:40:38.841+0000] {processor.py:157} INFO - Started process (PID=44) to work on /opt/airflow/dags/ingestion_sensor_dag.py
[2025-12-21T21:40:38.845+0000] {processor.py:829} INFO - Processing file /opt/airflow/dags/ingestion_sensor_dag.py for tasks to queue
[2025-12-21T21:40:38.847+0000] {logging_mixin.py:151} INFO - [2025-12-21T21:40:38.846+0000] {dagbag.py:539} INFO - Filling up the DagBag from /opt/airflow/dags/ingestion_sensor_dag.py
[2025-12-21T21:40:38.867+0000] {processor.py:839} INFO - DAG(s) dict_keys(['procesamiento_pasivo_sensor']) retrieved from /opt/airflow/dags/ingestion_sensor_dag.py
[2025-12-21T21:40:38.917+0000] {logging_mixin.py:151} INFO - [2025-12-21T21:40:38.917+0000] {dag.py:2915} INFO - Sync 1 DAGs
[2025-12-21T21:40:38.959+0000] {logging_mixin.py:151} INFO - [2025-12-21T21:40:38.958+0000] {dag.py:3696} INFO - Setting next_dagrun for procesamiento_pasivo_sensor to 2025-12-21T21:35:38.958371+00:00, run_after=2025-12-21T21:40:38.958371+00:00
[2025-12-21T21:40:38.998+0000] {processor.py:179} INFO - Processing /opt/airflow/dags/ingestion_sensor_dag.py took 0.164 seconds
[2025-12-21T21:41:09.217+0000] {processor.py:157} INFO - Started process (PID=45) to work on /opt/airflow/dags/ingestion_sensor_dag.py
[2025-12-21T21:41:09.219+0000] {processor.py:829} INFO - Processing file /opt/airflow/dags/ingestion_sensor_dag.py for tasks to queue
[2025-12-21T21:41:09.220+0000] {logging_mixin.py:151} INFO - [2025-12-21T21:41:09.220+0000] {dagbag.py:539} INFO - Filling up the DagBag from /opt/airflow/dags/ingestion_sensor_dag.py
[2025-12-21T21:41:09.243+0000] {processor.py:839} INFO - DAG(s) dict_keys(['procesamiento_pasivo_sensor']) retrieved from /opt/airflow/dags/ingestion_sensor_dag.py
[2025-12-21T21:41:09.294+0000] {logging_mixin.py:151} INFO - [2025-12-21T21:41:09.293+0000] {dag.py:2915} INFO - Sync 1 DAGs
[2025-12-21T21:41:09.335+0000] {logging_mixin.py:151} INFO - [2025-12-21T21:41:09.335+0000] {dag.py:3696} INFO - Setting next_dagrun for procesamiento_pasivo_sensor to 2025-12-21T21:36:09.335047+00:00, run_after=2025-12-21T21:41:09.335047+00:00
[2025-12-21T21:41:09.372+0000] {processor.py:179} INFO - Processing /opt/airflow/dags/ingestion_sensor_dag.py took 0.161 seconds
[2025-12-21T21:41:39.603+0000] {processor.py:157} INFO - Started process (PID=46) to work on /opt/airflow/dags/ingestion_sensor_dag.py
[2025-12-21T21:41:39.607+0000] {processor.py:829} INFO - Processing file /opt/airflow/dags/ingestion_sensor_dag.py for tasks to queue
[2025-12-21T21:41:39.609+0000] {logging_mixin.py:151} INFO - [2025-12-21T21:41:39.609+0000] {dagbag.py:539} INFO - Filling up the DagBag from /opt/airflow/dags/ingestion_sensor_dag.py
[2025-12-21T21:41:39.632+0000] {processor.py:839} INFO - DAG(s) dict_keys(['procesamiento_pasivo_sensor']) retrieved from /opt/airflow/dags/ingestion_sensor_dag.py
[2025-12-21T21:41:39.689+0000] {logging_mixin.py:151} INFO - [2025-12-21T21:41:39.689+0000] {dag.py:2915} INFO - Sync 1 DAGs
[2025-12-21T21:41:39.729+0000] {logging_mixin.py:151} INFO - [2025-12-21T21:41:39.728+0000] {dag.py:3696} INFO - Setting next_dagrun for procesamiento_pasivo_sensor to 2025-12-21T21:36:39.727418+00:00, run_after=2025-12-21T21:41:39.727418+00:00
[2025-12-21T21:41:39.767+0000] {processor.py:179} INFO - Processing /opt/airflow/dags/ingestion_sensor_dag.py took 0.170 seconds
[2025-12-21T21:42:09.978+0000] {processor.py:157} INFO - Started process (PID=47) to work on /opt/airflow/dags/ingestion_sensor_dag.py
[2025-12-21T21:42:09.980+0000] {processor.py:829} INFO - Processing file /opt/airflow/dags/ingestion_sensor_dag.py for tasks to queue
[2025-12-21T21:42:09.981+0000] {logging_mixin.py:151} INFO - [2025-12-21T21:42:09.981+0000] {dagbag.py:539} INFO - Filling up the DagBag from /opt/airflow/dags/ingestion_sensor_dag.py
[2025-12-21T21:42:10.002+0000] {processor.py:839} INFO - DAG(s) dict_keys(['procesamiento_pasivo_sensor']) retrieved from /opt/airflow/dags/ingestion_sensor_dag.py
[2025-12-21T21:42:10.054+0000] {logging_mixin.py:151} INFO - [2025-12-21T21:42:10.054+0000] {dag.py:2915} INFO - Sync 1 DAGs
[2025-12-21T21:42:10.095+0000] {logging_mixin.py:151} INFO - [2025-12-21T21:42:10.095+0000] {dag.py:3696} INFO - Setting next_dagrun for procesamiento_pasivo_sensor to 2025-12-21T21:37:10.094483+00:00, run_after=2025-12-21T21:42:10.094483+00:00
[2025-12-21T21:42:10.133+0000] {processor.py:179} INFO - Processing /opt/airflow/dags/ingestion_sensor_dag.py took 0.162 seconds
[2025-12-21T21:42:40.315+0000] {processor.py:157} INFO - Started process (PID=48) to work on /opt/airflow/dags/ingestion_sensor_dag.py
[2025-12-21T21:42:40.319+0000] {processor.py:829} INFO - Processing file /opt/airflow/dags/ingestion_sensor_dag.py for tasks to queue
[2025-12-21T21:42:40.320+0000] {logging_mixin.py:151} INFO - [2025-12-21T21:42:40.320+0000] {dagbag.py:539} INFO - Filling up the DagBag from /opt/airflow/dags/ingestion_sensor_dag.py
[2025-12-21T21:42:40.341+0000] {processor.py:839} INFO - DAG(s) dict_keys(['procesamiento_pasivo_sensor']) retrieved from /opt/airflow/dags/ingestion_sensor_dag.py
[2025-12-21T21:42:40.393+0000] {logging_mixin.py:151} INFO - [2025-12-21T21:42:40.393+0000] {dag.py:2915} INFO - Sync 1 DAGs
[2025-12-21T21:42:40.434+0000] {logging_mixin.py:151} INFO - [2025-12-21T21:42:40.434+0000] {dag.py:3696} INFO - Setting next_dagrun for procesamiento_pasivo_sensor to 2025-12-21T21:37:40.433935+00:00, run_after=2025-12-21T21:42:40.433935+00:00
[2025-12-21T21:42:40.476+0000] {processor.py:179} INFO - Processing /opt/airflow/dags/ingestion_sensor_dag.py took 0.167 seconds
[2025-12-21T21:43:10.706+0000] {processor.py:157} INFO - Started process (PID=49) to work on /opt/airflow/dags/ingestion_sensor_dag.py
[2025-12-21T21:43:10.709+0000] {processor.py:829} INFO - Processing file /opt/airflow/dags/ingestion_sensor_dag.py for tasks to queue
[2025-12-21T21:43:10.711+0000] {logging_mixin.py:151} INFO - [2025-12-21T21:43:10.711+0000] {dagbag.py:539} INFO - Filling up the DagBag from /opt/airflow/dags/ingestion_sensor_dag.py
[2025-12-21T21:43:10.732+0000] {processor.py:839} INFO - DAG(s) dict_keys(['procesamiento_pasivo_sensor']) retrieved from /opt/airflow/dags/ingestion_sensor_dag.py
[2025-12-21T21:43:10.783+0000] {logging_mixin.py:151} INFO - [2025-12-21T21:43:10.783+0000] {dag.py:2915} INFO - Sync 1 DAGs
[2025-12-21T21:43:10.826+0000] {logging_mixin.py:151} INFO - [2025-12-21T21:43:10.825+0000] {dag.py:3696} INFO - Setting next_dagrun for procesamiento_pasivo_sensor to 2025-12-21T21:38:10.825313+00:00, run_after=2025-12-21T21:43:10.825313+00:00
[2025-12-21T21:43:11.120+0000] {processor.py:179} INFO - Processing /opt/airflow/dags/ingestion_sensor_dag.py took 0.421 seconds
[2025-12-21T21:43:42.138+0000] {processor.py:157} INFO - Started process (PID=50) to work on /opt/airflow/dags/ingestion_sensor_dag.py
[2025-12-21T21:43:42.140+0000] {processor.py:829} INFO - Processing file /opt/airflow/dags/ingestion_sensor_dag.py for tasks to queue
[2025-12-21T21:43:42.142+0000] {logging_mixin.py:151} INFO - [2025-12-21T21:43:42.141+0000] {dagbag.py:539} INFO - Filling up the DagBag from /opt/airflow/dags/ingestion_sensor_dag.py
[2025-12-21T21:43:42.162+0000] {processor.py:839} INFO - DAG(s) dict_keys(['procesamiento_pasivo_sensor']) retrieved from /opt/airflow/dags/ingestion_sensor_dag.py
[2025-12-21T21:43:42.211+0000] {logging_mixin.py:151} INFO - [2025-12-21T21:43:42.211+0000] {dag.py:2915} INFO - Sync 1 DAGs
[2025-12-21T21:43:42.566+0000] {logging_mixin.py:151} INFO - [2025-12-21T21:43:42.565+0000] {dag.py:3696} INFO - Setting next_dagrun for procesamiento_pasivo_sensor to 2025-12-21T21:38:42.564992+00:00, run_after=2025-12-21T21:43:42.564992+00:00
[2025-12-21T21:43:42.605+0000] {processor.py:179} INFO - Processing /opt/airflow/dags/ingestion_sensor_dag.py took 0.474 seconds
[2025-12-21T21:44:13.567+0000] {processor.py:157} INFO - Started process (PID=51) to work on /opt/airflow/dags/ingestion_sensor_dag.py
[2025-12-21T21:44:13.571+0000] {processor.py:829} INFO - Processing file /opt/airflow/dags/ingestion_sensor_dag.py for tasks to queue
[2025-12-21T21:44:13.573+0000] {logging_mixin.py:151} INFO - [2025-12-21T21:44:13.572+0000] {dagbag.py:539} INFO - Filling up the DagBag from /opt/airflow/dags/ingestion_sensor_dag.py
[2025-12-21T21:44:13.595+0000] {processor.py:839} INFO - DAG(s) dict_keys(['procesamiento_pasivo_sensor']) retrieved from /opt/airflow/dags/ingestion_sensor_dag.py
[2025-12-21T21:44:13.649+0000] {logging_mixin.py:151} INFO - [2025-12-21T21:44:13.649+0000] {dag.py:2915} INFO - Sync 1 DAGs
[2025-12-21T21:44:14.010+0000] {logging_mixin.py:151} INFO - [2025-12-21T21:44:14.010+0000] {dag.py:3696} INFO - Setting next_dagrun for procesamiento_pasivo_sensor to 2025-12-21T21:39:14.009886+00:00, run_after=2025-12-21T21:44:14.009886+00:00
[2025-12-21T21:44:14.045+0000] {processor.py:179} INFO - Processing /opt/airflow/dags/ingestion_sensor_dag.py took 0.485 seconds
[2025-12-21T21:44:44.971+0000] {processor.py:157} INFO - Started process (PID=52) to work on /opt/airflow/dags/ingestion_sensor_dag.py
[2025-12-21T21:44:44.976+0000] {processor.py:829} INFO - Processing file /opt/airflow/dags/ingestion_sensor_dag.py for tasks to queue
[2025-12-21T21:44:44.979+0000] {logging_mixin.py:151} INFO - [2025-12-21T21:44:44.978+0000] {dagbag.py:539} INFO - Filling up the DagBag from /opt/airflow/dags/ingestion_sensor_dag.py
[2025-12-21T21:44:45.000+0000] {processor.py:839} INFO - DAG(s) dict_keys(['procesamiento_pasivo_sensor']) retrieved from /opt/airflow/dags/ingestion_sensor_dag.py
[2025-12-21T21:44:45.283+0000] {logging_mixin.py:151} INFO - [2025-12-21T21:44:45.283+0000] {dag.py:2915} INFO - Sync 1 DAGs
[2025-12-21T21:44:45.321+0000] {logging_mixin.py:151} INFO - [2025-12-21T21:44:45.320+0000] {dag.py:3696} INFO - Setting next_dagrun for procesamiento_pasivo_sensor to 2025-12-21T21:39:45.320405+00:00, run_after=2025-12-21T21:44:45.320405+00:00
[2025-12-21T21:44:45.361+0000] {processor.py:179} INFO - Processing /opt/airflow/dags/ingestion_sensor_dag.py took 0.397 seconds
[2025-12-21T21:45:16.190+0000] {processor.py:157} INFO - Started process (PID=53) to work on /opt/airflow/dags/ingestion_sensor_dag.py
[2025-12-21T21:45:16.192+0000] {processor.py:829} INFO - Processing file /opt/airflow/dags/ingestion_sensor_dag.py for tasks to queue
[2025-12-21T21:45:16.194+0000] {logging_mixin.py:151} INFO - [2025-12-21T21:45:16.193+0000] {dagbag.py:539} INFO - Filling up the DagBag from /opt/airflow/dags/ingestion_sensor_dag.py
[2025-12-21T21:45:16.216+0000] {processor.py:839} INFO - DAG(s) dict_keys(['procesamiento_pasivo_sensor']) retrieved from /opt/airflow/dags/ingestion_sensor_dag.py
[2025-12-21T21:45:16.482+0000] {logging_mixin.py:151} INFO - [2025-12-21T21:45:16.481+0000] {dag.py:2915} INFO - Sync 1 DAGs
[2025-12-21T21:45:16.516+0000] {logging_mixin.py:151} INFO - [2025-12-21T21:45:16.516+0000] {dag.py:3696} INFO - Setting next_dagrun for procesamiento_pasivo_sensor to 2025-12-21T21:40:16.515790+00:00, run_after=2025-12-21T21:45:16.515790+00:00
[2025-12-21T21:45:16.551+0000] {processor.py:179} INFO - Processing /opt/airflow/dags/ingestion_sensor_dag.py took 0.368 seconds
[2025-12-21T21:45:46.979+0000] {processor.py:157} INFO - Started process (PID=54) to work on /opt/airflow/dags/ingestion_sensor_dag.py
[2025-12-21T21:45:46.983+0000] {processor.py:829} INFO - Processing file /opt/airflow/dags/ingestion_sensor_dag.py for tasks to queue
[2025-12-21T21:45:46.984+0000] {logging_mixin.py:151} INFO - [2025-12-21T21:45:46.984+0000] {dagbag.py:539} INFO - Filling up the DagBag from /opt/airflow/dags/ingestion_sensor_dag.py
[2025-12-21T21:45:47.235+0000] {processor.py:839} INFO - DAG(s) dict_keys(['procesamiento_pasivo_sensor']) retrieved from /opt/airflow/dags/ingestion_sensor_dag.py
[2025-12-21T21:45:47.274+0000] {logging_mixin.py:151} INFO - [2025-12-21T21:45:47.274+0000] {dag.py:2915} INFO - Sync 1 DAGs
[2025-12-21T21:45:47.310+0000] {logging_mixin.py:151} INFO - [2025-12-21T21:45:47.309+0000] {dag.py:3696} INFO - Setting next_dagrun for procesamiento_pasivo_sensor to 2025-12-21T21:40:47.309298+00:00, run_after=2025-12-21T21:45:47.309298+00:00
[2025-12-21T21:45:47.344+0000] {processor.py:179} INFO - Processing /opt/airflow/dags/ingestion_sensor_dag.py took 0.371 seconds
[2025-12-21T21:46:17.768+0000] {processor.py:157} INFO - Started process (PID=55) to work on /opt/airflow/dags/ingestion_sensor_dag.py
[2025-12-21T21:46:17.770+0000] {processor.py:829} INFO - Processing file /opt/airflow/dags/ingestion_sensor_dag.py for tasks to queue
[2025-12-21T21:46:17.772+0000] {logging_mixin.py:151} INFO - [2025-12-21T21:46:17.771+0000] {dagbag.py:539} INFO - Filling up the DagBag from /opt/airflow/dags/ingestion_sensor_dag.py
[2025-12-21T21:46:17.792+0000] {processor.py:839} INFO - DAG(s) dict_keys(['procesamiento_pasivo_sensor']) retrieved from /opt/airflow/dags/ingestion_sensor_dag.py
[2025-12-21T21:46:17.843+0000] {logging_mixin.py:151} INFO - [2025-12-21T21:46:17.842+0000] {dag.py:2915} INFO - Sync 1 DAGs
[2025-12-21T21:46:17.880+0000] {logging_mixin.py:151} INFO - [2025-12-21T21:46:17.880+0000] {dag.py:3696} INFO - Setting next_dagrun for procesamiento_pasivo_sensor to 2025-12-21T21:41:17.880051+00:00, run_after=2025-12-21T21:46:17.880051+00:00
[2025-12-21T21:46:17.920+0000] {processor.py:179} INFO - Processing /opt/airflow/dags/ingestion_sensor_dag.py took 0.158 seconds
[2025-12-21T21:46:48.367+0000] {processor.py:157} INFO - Started process (PID=56) to work on /opt/airflow/dags/ingestion_sensor_dag.py
[2025-12-21T21:46:48.372+0000] {processor.py:829} INFO - Processing file /opt/airflow/dags/ingestion_sensor_dag.py for tasks to queue
[2025-12-21T21:46:48.374+0000] {logging_mixin.py:151} INFO - [2025-12-21T21:46:48.373+0000] {dagbag.py:539} INFO - Filling up the DagBag from /opt/airflow/dags/ingestion_sensor_dag.py
[2025-12-21T21:46:48.399+0000] {processor.py:839} INFO - DAG(s) dict_keys(['procesamiento_pasivo_sensor']) retrieved from /opt/airflow/dags/ingestion_sensor_dag.py
[2025-12-21T21:46:48.455+0000] {logging_mixin.py:151} INFO - [2025-12-21T21:46:48.455+0000] {dag.py:2915} INFO - Sync 1 DAGs
[2025-12-21T21:46:48.497+0000] {logging_mixin.py:151} INFO - [2025-12-21T21:46:48.496+0000] {dag.py:3696} INFO - Setting next_dagrun for procesamiento_pasivo_sensor to 2025-12-21T21:41:48.496284+00:00, run_after=2025-12-21T21:46:48.496284+00:00
[2025-12-21T21:46:48.532+0000] {processor.py:179} INFO - Processing /opt/airflow/dags/ingestion_sensor_dag.py took 0.172 seconds
[2025-12-21T21:47:18.920+0000] {processor.py:157} INFO - Started process (PID=57) to work on /opt/airflow/dags/ingestion_sensor_dag.py
[2025-12-21T21:47:18.922+0000] {processor.py:829} INFO - Processing file /opt/airflow/dags/ingestion_sensor_dag.py for tasks to queue
[2025-12-21T21:47:18.924+0000] {logging_mixin.py:151} INFO - [2025-12-21T21:47:18.923+0000] {dagbag.py:539} INFO - Filling up the DagBag from /opt/airflow/dags/ingestion_sensor_dag.py
[2025-12-21T21:47:18.945+0000] {processor.py:839} INFO - DAG(s) dict_keys(['procesamiento_pasivo_sensor']) retrieved from /opt/airflow/dags/ingestion_sensor_dag.py
[2025-12-21T21:47:19.004+0000] {logging_mixin.py:151} INFO - [2025-12-21T21:47:19.004+0000] {dag.py:2915} INFO - Sync 1 DAGs
[2025-12-21T21:47:19.052+0000] {logging_mixin.py:151} INFO - [2025-12-21T21:47:19.051+0000] {dag.py:3696} INFO - Setting next_dagrun for procesamiento_pasivo_sensor to 2025-12-21T21:42:19.050865+00:00, run_after=2025-12-21T21:47:19.050865+00:00
[2025-12-21T21:47:19.088+0000] {processor.py:179} INFO - Processing /opt/airflow/dags/ingestion_sensor_dag.py took 0.175 seconds
[2025-12-21T21:47:49.518+0000] {processor.py:157} INFO - Started process (PID=58) to work on /opt/airflow/dags/ingestion_sensor_dag.py
[2025-12-21T21:47:49.526+0000] {processor.py:829} INFO - Processing file /opt/airflow/dags/ingestion_sensor_dag.py for tasks to queue
[2025-12-21T21:47:49.529+0000] {logging_mixin.py:151} INFO - [2025-12-21T21:47:49.528+0000] {dagbag.py:539} INFO - Filling up the DagBag from /opt/airflow/dags/ingestion_sensor_dag.py
[2025-12-21T21:47:49.551+0000] {processor.py:839} INFO - DAG(s) dict_keys(['procesamiento_pasivo_sensor']) retrieved from /opt/airflow/dags/ingestion_sensor_dag.py
[2025-12-21T21:47:49.604+0000] {logging_mixin.py:151} INFO - [2025-12-21T21:47:49.603+0000] {dag.py:2915} INFO - Sync 1 DAGs
[2025-12-21T21:47:49.645+0000] {logging_mixin.py:151} INFO - [2025-12-21T21:47:49.644+0000] {dag.py:3696} INFO - Setting next_dagrun for procesamiento_pasivo_sensor to 2025-12-21T21:42:49.644122+00:00, run_after=2025-12-21T21:47:49.644122+00:00
[2025-12-21T21:47:49.685+0000] {processor.py:179} INFO - Processing /opt/airflow/dags/ingestion_sensor_dag.py took 0.174 seconds
[2025-12-21T21:48:19.919+0000] {processor.py:157} INFO - Started process (PID=59) to work on /opt/airflow/dags/ingestion_sensor_dag.py
[2025-12-21T21:48:19.922+0000] {processor.py:829} INFO - Processing file /opt/airflow/dags/ingestion_sensor_dag.py for tasks to queue
[2025-12-21T21:48:19.924+0000] {logging_mixin.py:151} INFO - [2025-12-21T21:48:19.923+0000] {dagbag.py:539} INFO - Filling up the DagBag from /opt/airflow/dags/ingestion_sensor_dag.py
[2025-12-21T21:48:19.952+0000] {processor.py:839} INFO - DAG(s) dict_keys(['procesamiento_pasivo_sensor']) retrieved from /opt/airflow/dags/ingestion_sensor_dag.py
[2025-12-21T21:48:20.013+0000] {logging_mixin.py:151} INFO - [2025-12-21T21:48:20.012+0000] {dag.py:2915} INFO - Sync 1 DAGs
[2025-12-21T21:48:20.061+0000] {logging_mixin.py:151} INFO - [2025-12-21T21:48:20.061+0000] {dag.py:3696} INFO - Setting next_dagrun for procesamiento_pasivo_sensor to 2025-12-21T21:43:20.060521+00:00, run_after=2025-12-21T21:48:20.060521+00:00
[2025-12-21T21:48:20.105+0000] {processor.py:179} INFO - Processing /opt/airflow/dags/ingestion_sensor_dag.py took 0.195 seconds
[2025-12-21T21:48:50.409+0000] {processor.py:157} INFO - Started process (PID=60) to work on /opt/airflow/dags/ingestion_sensor_dag.py
[2025-12-21T21:48:50.413+0000] {processor.py:829} INFO - Processing file /opt/airflow/dags/ingestion_sensor_dag.py for tasks to queue
[2025-12-21T21:48:50.415+0000] {logging_mixin.py:151} INFO - [2025-12-21T21:48:50.414+0000] {dagbag.py:539} INFO - Filling up the DagBag from /opt/airflow/dags/ingestion_sensor_dag.py
[2025-12-21T21:48:50.438+0000] {processor.py:839} INFO - DAG(s) dict_keys(['procesamiento_pasivo_sensor']) retrieved from /opt/airflow/dags/ingestion_sensor_dag.py
[2025-12-21T21:48:50.492+0000] {logging_mixin.py:151} INFO - [2025-12-21T21:48:50.492+0000] {dag.py:2915} INFO - Sync 1 DAGs
[2025-12-21T21:48:50.538+0000] {logging_mixin.py:151} INFO - [2025-12-21T21:48:50.538+0000] {dag.py:3696} INFO - Setting next_dagrun for procesamiento_pasivo_sensor to 2025-12-21T21:43:50.537560+00:00, run_after=2025-12-21T21:48:50.537560+00:00
[2025-12-21T21:48:50.577+0000] {processor.py:179} INFO - Processing /opt/airflow/dags/ingestion_sensor_dag.py took 0.175 seconds
[2025-12-21T21:49:20.810+0000] {processor.py:157} INFO - Started process (PID=61) to work on /opt/airflow/dags/ingestion_sensor_dag.py
[2025-12-21T21:49:20.812+0000] {processor.py:829} INFO - Processing file /opt/airflow/dags/ingestion_sensor_dag.py for tasks to queue
[2025-12-21T21:49:20.814+0000] {logging_mixin.py:151} INFO - [2025-12-21T21:49:20.813+0000] {dagbag.py:539} INFO - Filling up the DagBag from /opt/airflow/dags/ingestion_sensor_dag.py
[2025-12-21T21:49:20.840+0000] {processor.py:839} INFO - DAG(s) dict_keys(['procesamiento_pasivo_sensor']) retrieved from /opt/airflow/dags/ingestion_sensor_dag.py
[2025-12-21T21:49:20.904+0000] {logging_mixin.py:151} INFO - [2025-12-21T21:49:20.904+0000] {dag.py:2915} INFO - Sync 1 DAGs
[2025-12-21T21:49:20.947+0000] {logging_mixin.py:151} INFO - [2025-12-21T21:49:20.947+0000] {dag.py:3696} INFO - Setting next_dagrun for procesamiento_pasivo_sensor to 2025-12-21T21:44:20.946742+00:00, run_after=2025-12-21T21:49:20.946742+00:00
[2025-12-21T21:49:20.992+0000] {processor.py:179} INFO - Processing /opt/airflow/dags/ingestion_sensor_dag.py took 0.189 seconds
[2025-12-21T21:49:51.221+0000] {processor.py:157} INFO - Started process (PID=62) to work on /opt/airflow/dags/ingestion_sensor_dag.py
[2025-12-21T21:49:51.224+0000] {processor.py:829} INFO - Processing file /opt/airflow/dags/ingestion_sensor_dag.py for tasks to queue
[2025-12-21T21:49:51.226+0000] {logging_mixin.py:151} INFO - [2025-12-21T21:49:51.225+0000] {dagbag.py:539} INFO - Filling up the DagBag from /opt/airflow/dags/ingestion_sensor_dag.py
[2025-12-21T21:49:51.248+0000] {processor.py:839} INFO - DAG(s) dict_keys(['procesamiento_pasivo_sensor']) retrieved from /opt/airflow/dags/ingestion_sensor_dag.py
[2025-12-21T21:49:51.301+0000] {logging_mixin.py:151} INFO - [2025-12-21T21:49:51.300+0000] {dag.py:2915} INFO - Sync 1 DAGs
[2025-12-21T21:49:51.339+0000] {logging_mixin.py:151} INFO - [2025-12-21T21:49:51.339+0000] {dag.py:3696} INFO - Setting next_dagrun for procesamiento_pasivo_sensor to 2025-12-21T21:44:51.338654+00:00, run_after=2025-12-21T21:49:51.338654+00:00
[2025-12-21T21:49:51.378+0000] {processor.py:179} INFO - Processing /opt/airflow/dags/ingestion_sensor_dag.py took 0.164 seconds
[2025-12-21T21:50:21.610+0000] {processor.py:157} INFO - Started process (PID=63) to work on /opt/airflow/dags/ingestion_sensor_dag.py
[2025-12-21T21:50:21.613+0000] {processor.py:829} INFO - Processing file /opt/airflow/dags/ingestion_sensor_dag.py for tasks to queue
[2025-12-21T21:50:21.615+0000] {logging_mixin.py:151} INFO - [2025-12-21T21:50:21.614+0000] {dagbag.py:539} INFO - Filling up the DagBag from /opt/airflow/dags/ingestion_sensor_dag.py
[2025-12-21T21:50:21.639+0000] {processor.py:839} INFO - DAG(s) dict_keys(['procesamiento_pasivo_sensor']) retrieved from /opt/airflow/dags/ingestion_sensor_dag.py
[2025-12-21T21:50:21.701+0000] {logging_mixin.py:151} INFO - [2025-12-21T21:50:21.701+0000] {dag.py:2915} INFO - Sync 1 DAGs
[2025-12-21T21:50:21.756+0000] {logging_mixin.py:151} INFO - [2025-12-21T21:50:21.755+0000] {dag.py:3696} INFO - Setting next_dagrun for procesamiento_pasivo_sensor to 2025-12-21T21:45:21.755003+00:00, run_after=2025-12-21T21:50:21.755003+00:00
[2025-12-21T21:50:21.800+0000] {processor.py:179} INFO - Processing /opt/airflow/dags/ingestion_sensor_dag.py took 0.197 seconds
[2025-12-21T21:50:52.114+0000] {processor.py:157} INFO - Started process (PID=64) to work on /opt/airflow/dags/ingestion_sensor_dag.py
[2025-12-21T21:50:52.118+0000] {processor.py:829} INFO - Processing file /opt/airflow/dags/ingestion_sensor_dag.py for tasks to queue
[2025-12-21T21:50:52.119+0000] {logging_mixin.py:151} INFO - [2025-12-21T21:50:52.119+0000] {dagbag.py:539} INFO - Filling up the DagBag from /opt/airflow/dags/ingestion_sensor_dag.py
[2025-12-21T21:50:52.146+0000] {processor.py:839} INFO - DAG(s) dict_keys(['procesamiento_pasivo_sensor']) retrieved from /opt/airflow/dags/ingestion_sensor_dag.py
[2025-12-21T21:50:52.207+0000] {logging_mixin.py:151} INFO - [2025-12-21T21:50:52.207+0000] {dag.py:2915} INFO - Sync 1 DAGs
[2025-12-21T21:50:52.266+0000] {logging_mixin.py:151} INFO - [2025-12-21T21:50:52.266+0000] {dag.py:3696} INFO - Setting next_dagrun for procesamiento_pasivo_sensor to 2025-12-21T21:45:52.265865+00:00, run_after=2025-12-21T21:50:52.265865+00:00
[2025-12-21T21:50:52.312+0000] {processor.py:179} INFO - Processing /opt/airflow/dags/ingestion_sensor_dag.py took 0.206 seconds
[2025-12-21T21:51:22.599+0000] {processor.py:157} INFO - Started process (PID=65) to work on /opt/airflow/dags/ingestion_sensor_dag.py
[2025-12-21T21:51:22.603+0000] {processor.py:829} INFO - Processing file /opt/airflow/dags/ingestion_sensor_dag.py for tasks to queue
[2025-12-21T21:51:22.605+0000] {logging_mixin.py:151} INFO - [2025-12-21T21:51:22.605+0000] {dagbag.py:539} INFO - Filling up the DagBag from /opt/airflow/dags/ingestion_sensor_dag.py
[2025-12-21T21:51:22.628+0000] {processor.py:839} INFO - DAG(s) dict_keys(['procesamiento_pasivo_sensor']) retrieved from /opt/airflow/dags/ingestion_sensor_dag.py
[2025-12-21T21:51:22.680+0000] {logging_mixin.py:151} INFO - [2025-12-21T21:51:22.680+0000] {dag.py:2915} INFO - Sync 1 DAGs
[2025-12-21T21:51:22.727+0000] {logging_mixin.py:151} INFO - [2025-12-21T21:51:22.726+0000] {dag.py:3696} INFO - Setting next_dagrun for procesamiento_pasivo_sensor to 2025-12-21T21:46:22.726273+00:00, run_after=2025-12-21T21:51:22.726273+00:00
[2025-12-21T21:51:22.770+0000] {processor.py:179} INFO - Processing /opt/airflow/dags/ingestion_sensor_dag.py took 0.178 seconds
